<?xml version="1.0" encoding="UTF-8"?>
<testsuite xmlns:xsi="http://www.w3.org/2001/XMLSchema-instance" xsi:schemaLocation="https://maven.apache.org/surefire/maven-surefire-plugin/xsd/surefire-test-report.xsd" name="CucumberTestSuite" time="21.958" tests="8" errors="0" skipped="0" failures="0">
  <properties>
[...]
</properties>
  <testcase name="User on the home page for login" classname="As user i able to be succesfully login" time="10.491"/>
  <testcase name="User click icon login for login" classname="As user i able to be succesfully login" time="0.122"/>
  <testcase name="User on the login page for login" classname="As user i able to be succesfully login" time="1.164"/>
  <testcase name="User input &quot;salsabillanugraha10@gmail.com&quot; on email field for login" classname="As user i able to be succesfully login" time="0.886"/>
  <testcase name="User input &quot;salsacantik&quot; on password field for login" classname="As user i able to be succesfully login" time="1.313"/>
  <testcase name="User click login button for login" classname="As user i able to be succesfully login" time="0.914"/>
  <testcase name="User success login for login" classname="As user i able to be succesfully login" time="1.173"/>
  <testcase name="As user i able to be succesfully login" classname="As user i able to be succesfully login" time="1.182"/>
</testsuite>