<?xml version="1.0" encoding="UTF-8"?>
<testsuite xmlns:xsi="http://www.w3.org/2001/XMLSchema-instance" xsi:noNamespaceSchemaLocation="https://maven.apache.org/surefire/maven-failsafe-plugin/xsd/failsafe-test-report-3.0.xsd" version="3.0" name="LoginUser" time="0.299" tests="1" errors="0" skipped="0" failures="0">
  <properties>
[...]
</properties>
  <testcase name="POST - As an Admin I have be able to login" classname="LoginUser" time="0.299">
    <system-out><![CDATA[

6
 Scenarios (
&amp#27;[32m6 passed&amp#27;[0m
)


24
 Steps (
&amp#27;[32m24 passed&amp#27;[0m
)


0m
17.168s






20:59:57.900 [pool-2-thread-1] DEBUG net.thucydides.core.reports.ReportService - Reporting formats: [JSON, HTML]

20:59:58.086 [pool-2-thread-1] DEBUG net.thucydides.core.reports.ReportService - Reporting formats: [JSON, HTML]

20:59:58.122 [pool-2-thread-1] DEBUG net.thucydides.core.reports.ReportService - Generating reports for 6 test outcomes using: net.thucydides.core.reports.json.JSONTestOutcomeReporter@1edc505e

20:59:58.124 [pool-2-thread-1] DEBUG net.thucydides.core.reports.ReportService - Processing test outcome CreateCategory:POST - As an Admin I have be able to add new category for product

20:59:58.124 [pool-2-thread-2] DEBUG net.thucydides.core.reports.ReportService - Processing test outcome CreateProduct:POST - As an Admin I have be able to add new product

20:59:58.124 [pool-2-thread-1] INFO net.thucydides.core.reports.ReportService - net.thucydides.core.reports.json.JSONTestOutcomeReporter@1edc505e: Generating report for test outcome: CreateCategory:POST - As an Admin I have be able to add new category for product

20:59:58.124 [pool-2-thread-2] INFO net.thucydides.core.reports.ReportService - net.thucydides.core.reports.json.JSONTestOutcomeReporter@1edc505e: Generating report for test outcome: CreateProduct:POST - As an Admin I have be able to add new product

20:59:58.125 [pool-2-thread-3] DEBUG net.thucydides.core.reports.ReportService - Processing test outcome GetAllCategory:GET - As an Admin I have be able to get all data category

20:59:58.125 [pool-2-thread-3] INFO net.thucydides.core.reports.ReportService - net.thucydides.core.reports.json.JSONTestOutcomeReporter@1edc505e: Generating report for test outcome: GetAllCategory:GET - As an Admin I have be able to get all data category

20:59:58.125 [pool-2-thread-4] DEBUG net.thucydides.core.reports.ReportService - Processing test outcome GetAllProduct:GET - As an Admin I have be able to get all data product

20:59:58.125 [pool-2-thread-4] INFO net.thucydides.core.reports.ReportService - net.thucydides.core.reports.json.JSONTestOutcomeReporter@1edc505e: Generating report for test outcome: GetAllProduct:GET - As an Admin I have be able to get all data product

20:59:58.149 [pool-2-thread-3] DEBUG net.thucydides.core.reports.json.JSONTestOutcomeReporter - Generating JSON report for GET - As an Admin I have be able to get all data category to file D:\QE_SalsabillaA.A.N\REST API_Final Project KM Quality Engineer\target\site\serenity\489c2d54d695d9bc3879564b763da1f70055662010f4e3fcc6768bb1c04d6f5d.json (using temp file D:\QE_SalsabillaA.A.N\REST API_Final Project KM Quality Engineer\target\site\serenity\489c2d54d695d9bc3879564b763da1f70055662010f4e3fcc6768bb1c04d6f5d.jsonad0250ad-33fc-4914-8bce-4b6dcab780c7)

20:59:58.149 [pool-2-thread-2] DEBUG net.thucydides.core.reports.json.JSONTestOutcomeReporter - Generating JSON report for POST - As an Admin I have be able to add new product to file D:\QE_SalsabillaA.A.N\REST API_Final Project KM Quality Engineer\target\site\serenity\518e3cbef4429241a59683061ca59781c590c27e022ef6a0e5ed03a89b69507c.json (using temp file D:\QE_SalsabillaA.A.N\REST API_Final Project KM Quality Engineer\target\site\serenity\518e3cbef4429241a59683061ca59781c590c27e022ef6a0e5ed03a89b69507c.jsond0fc3e6d-4ab6-4ad2-b5d0-70703e2e6cea)

20:59:58.149 [pool-2-thread-1] DEBUG net.thucydides.core.reports.json.JSONTestOutcomeReporter - Generating JSON report for POST - As an Admin I have be able to add new category for product to file D:\QE_SalsabillaA.A.N\REST API_Final Project KM Quality Engineer\target\site\serenity\d036c908a3948f2fabad1e2063a56fed6b1169a12d3d803df4132a51f2c72bad.json (using temp file D:\QE_SalsabillaA.A.N\REST API_Final Project KM Quality Engineer\target\site\serenity\d036c908a3948f2fabad1e2063a56fed6b1169a12d3d803df4132a51f2c72bad.json32c41474-2bf7-43b8-969e-0b53091c4717)

20:59:58.151 [pool-2-thread-4] DEBUG net.thucydides.core.reports.json.JSONTestOutcomeReporter - Generating JSON report for GET - As an Admin I have be able to get all data product to file D:\QE_SalsabillaA.A.N\REST API_Final Project KM Quality Engineer\target\site\serenity\139bba03c8c941213ef501aaa1f716a04d9796dd460dde6b79ea7ff49ea20d06.json (using temp file D:\QE_SalsabillaA.A.N\REST API_Final Project KM Quality Engineer\target\site\serenity\139bba03c8c941213ef501aaa1f716a04d9796dd460dde6b79ea7ff49ea20d06.json11d36bdf-cd19-459a-a57a-388af074cfd3)

20:59:58.325 [pool-2-thread-1] DEBUG net.thucydides.core.reports.ReportService - Processing test outcome CreateCategory:POST - As an Admin I have be able to add new category for product done

20:59:58.325 [pool-2-thread-3] DEBUG net.thucydides.core.reports.ReportService - Processing test outcome GetAllCategory:GET - As an Admin I have be able to get all data category done

20:59:58.326 [pool-2-thread-1] DEBUG net.thucydides.core.reports.ReportService - Processing test outcome LoginUser:POST - As an Admin I have be able to login

20:59:58.326 [pool-2-thread-3] DEBUG net.thucydides.core.reports.ReportService - Processing test outcome GetDetailsProduct:GET - As an Admin I have be able to get data details product

20:59:58.326 [pool-2-thread-3] INFO net.thucydides.core.reports.ReportService - net.thucydides.core.reports.json.JSONTestOutcomeReporter@1edc505e: Generating report for test outcome: GetDetailsProduct:GET - As an Admin I have be able to get data details product

20:59:58.327 [pool-2-thread-2] DEBUG net.thucydides.core.reports.ReportService - Processing test outcome CreateProduct:POST - As an Admin I have be able to add new product done

20:59:58.329 [pool-2-thread-1] INFO net.thucydides.core.reports.ReportService - net.thucydides.core.reports.json.JSONTestOutcomeReporter@1edc505e: Generating report for test outcome: LoginUser:POST - As an Admin I have be able to login

20:59:58.332 [pool-2-thread-4] DEBUG net.thucydides.core.reports.ReportService - Processing test outcome GetAllProduct:GET - As an Admin I have be able to get all data product done

20:59:58.334 [pool-2-thread-3] DEBUG net.thucydides.core.reports.json.JSONTestOutcomeReporter - Generating JSON report for GET - As an Admin I have be able to get data details product to file D:\QE_SalsabillaA.A.N\REST API_Final Project KM Quality Engineer\target\site\serenity\f762fb7b1626c2a3ecd1efc2b2de3672b7fb3923a7946c51796accd42b6d5354.json (using temp file D:\QE_SalsabillaA.A.N\REST API_Final Project KM Quality Engineer\target\site\serenity\f762fb7b1626c2a3ecd1efc2b2de3672b7fb3923a7946c51796accd42b6d5354.json3169cd84-dc68-4a67-b9a8-5ea6b78682c9)

20:59:58.334 [pool-2-thread-1] DEBUG net.thucydides.core.reports.json.JSONTestOutcomeReporter - Generating JSON report for POST - As an Admin I have be able to login to file D:\QE_SalsabillaA.A.N\REST API_Final Project KM Quality Engineer\target\site\serenity\69b71c7f69807826793564e07b84d21737c8d9e5de7b0ae645435df97e2d85b0.json (using temp file D:\QE_SalsabillaA.A.N\REST API_Final Project KM Quality Engineer\target\site\serenity\69b71c7f69807826793564e07b84d21737c8d9e5de7b0ae645435df97e2d85b0.jsond011bbd4-847c-4ae0-b3a6-a9d692624989)

20:59:58.344 [pool-2-thread-1] DEBUG net.thucydides.core.reports.ReportService - Processing test outcome LoginUser:POST - As an Admin I have be able to login done

20:59:58.349 [pool-2-thread-3] DEBUG net.thucydides.core.reports.ReportService - Processing test outcome GetDetailsProduct:GET - As an Admin I have be able to get data details product done

20:59:58.350 [pool-2-thread-1] DEBUG net.thucydides.core.reports.ReportService - Shutting down executor service

20:59:58.350 [pool-2-thread-1] DEBUG net.thucydides.core.reports.ReportService - Reports generated in: 228 ms

20:59:58.350 [pool-2-thread-1] DEBUG net.thucydides.core.reports.ReportService - Generating reports for 6 test outcomes using: net.thucydides.core.reports.html.HtmlAcceptanceTestReporter@7f1d3e95

20:59:58.352 [pool-3-thread-2] DEBUG net.thucydides.core.reports.ReportService - Processing test outcome CreateProduct:POST - As an Admin I have be able to add new product

20:59:58.352 [pool-3-thread-2] INFO net.thucydides.core.reports.ReportService - net.thucydides.core.reports.html.HtmlAcceptanceTestReporter@7f1d3e95: Generating report for test outcome: CreateProduct:POST - As an Admin I have be able to add new product

20:59:58.351 [pool-3-thread-1] DEBUG net.thucydides.core.reports.ReportService - Processing test outcome CreateCategory:POST - As an Admin I have be able to add new category for product

20:59:58.353 [pool-3-thread-1] INFO net.thucydides.core.reports.ReportService - net.thucydides.core.reports.html.HtmlAcceptanceTestReporter@7f1d3e95: Generating report for test outcome: CreateCategory:POST - As an Admin I have be able to add new category for product

20:59:58.353 [pool-3-thread-3] DEBUG net.thucydides.core.reports.ReportService - Processing test outcome GetAllCategory:GET - As an Admin I have be able to get all data category

20:59:58.354 [pool-3-thread-3] INFO net.thucydides.core.reports.ReportService - net.thucydides.core.reports.html.HtmlAcceptanceTestReporter@7f1d3e95: Generating report for test outcome: GetAllCategory:GET - As an Admin I have be able to get all data category

20:59:58.353 [pool-3-thread-4] DEBUG net.thucydides.core.reports.ReportService - Processing test outcome GetAllProduct:GET - As an Admin I have be able to get all data product

20:59:58.355 [pool-3-thread-4] INFO net.thucydides.core.reports.ReportService - net.thucydides.core.reports.html.HtmlAcceptanceTestReporter@7f1d3e95: Generating report for test outcome: GetAllProduct:GET - As an Admin I have be able to get all data product

20:59:58.418 [pool-3-thread-4] DEBUG net.thucydides.core.requirements.model.cucumber.CucumberParser - Added feature CreateCategory

20:59:58.418 [pool-3-thread-3] DEBUG net.thucydides.core.requirements.model.cucumber.CucumberParser - Added feature CreateCategory

20:59:58.431 [pool-3-thread-2] DEBUG net.thucydides.core.requirements.model.cucumber.CucumberParser - Added feature CreateCategory

20:59:58.443 [pool-3-thread-1] DEBUG net.thucydides.core.requirements.model.cucumber.CucumberParser - Added feature CreateCategory

20:59:58.444 [pool-3-thread-4] DEBUG net.thucydides.core.requirements.model.cucumber.CucumberParser - Added feature CreateProduct

20:59:58.448 [pool-3-thread-3] DEBUG net.thucydides.core.requirements.model.cucumber.CucumberParser - Added feature CreateProduct

20:59:58.455 [pool-3-thread-3] DEBUG net.thucydides.core.requirements.model.cucumber.CucumberParser - Added feature GetAllCategory

20:59:58.461 [pool-3-thread-4] DEBUG net.thucydides.core.requirements.model.cucumber.CucumberParser - Added feature GetAllCategory

20:59:58.465 [pool-3-thread-2] DEBUG net.thucydides.core.requirements.model.cucumber.CucumberParser - Added feature CreateProduct

20:59:58.472 [pool-3-thread-2] DEBUG net.thucydides.core.requirements.model.cucumber.CucumberParser - Added feature GetAllCategory

20:59:58.481 [pool-3-thread-1] DEBUG net.thucydides.core.requirements.model.cucumber.CucumberParser - Added feature CreateProduct

20:59:58.483 [pool-3-thread-2] DEBUG net.thucydides.core.requirements.model.cucumber.CucumberParser - Added feature GetAllProduct

20:59:58.485 [pool-3-thread-3] DEBUG net.thucydides.core.requirements.model.cucumber.CucumberParser - Added feature GetAllProduct

20:59:58.492 [pool-3-thread-1] DEBUG net.thucydides.core.requirements.model.cucumber.CucumberParser - Added feature GetAllCategory

20:59:58.494 [pool-3-thread-3] DEBUG net.thucydides.core.requirements.model.cucumber.CucumberParser - Added feature GetDetailsProduct

20:59:58.502 [pool-3-thread-3] DEBUG net.thucydides.core.requirements.model.cucumber.CucumberParser - Added feature LoginUser

20:59:58.504 [pool-3-thread-1] DEBUG net.thucydides.core.requirements.model.cucumber.CucumberParser - Added feature GetAllProduct

20:59:58.504 [pool-3-thread-4] DEBUG net.thucydides.core.requirements.model.cucumber.CucumberParser - Added feature GetAllProduct

20:59:58.518 [pool-3-thread-4] DEBUG net.thucydides.core.requirements.model.cucumber.CucumberParser - Added feature GetDetailsProduct

20:59:58.526 [pool-3-thread-4] DEBUG net.thucydides.core.requirements.model.cucumber.CucumberParser - Added feature LoginUser

20:59:58.528 [pool-3-thread-1] DEBUG net.thucydides.core.requirements.model.cucumber.CucumberParser - Added feature GetDetailsProduct

20:59:58.530 [pool-3-thread-2] DEBUG net.thucydides.core.requirements.model.cucumber.CucumberParser - Added feature GetDetailsProduct

20:59:58.538 [pool-3-thread-2] DEBUG net.thucydides.core.requirements.model.cucumber.CucumberParser - Added feature LoginUser

20:59:58.560 [pool-3-thread-4] DEBUG net.thucydides.core.requirements.BaseRequirementsService - Requirement found for test outcome GET - As an Admin I have be able to get all data product-[]: Optional[Requirement{name='GetAllProduct', type='feature' parent = 'null', cardNumber='null'}]

20:59:58.566 [pool-3-thread-4] DEBUG net.thucydides.core.requirements.BaseRequirementsService - Requirement found for test outcome GET - As an Admin I have be able to get all data product-[]: Optional[Requirement{name='GetAllProduct', type='feature' parent = 'null', cardNumber='null'}]

20:59:58.568 [pool-3-thread-3] DEBUG net.thucydides.core.requirements.BaseRequirementsService - Requirement found for test outcome GET - As an Admin I have be able to get all data category-[]: Optional[Requirement{name='GetAllCategory', type='feature' parent = 'null', cardNumber='null'}]

20:59:58.569 [pool-3-thread-1] DEBUG net.thucydides.core.requirements.model.cucumber.CucumberParser - Added feature LoginUser

20:59:58.572 [pool-3-thread-2] DEBUG net.thucydides.core.requirements.BaseRequirementsService - Requirement found for test outcome POST - As an Admin I have be able to add new product-[]: Optional[Requirement{name='CreateProduct', type='feature' parent = 'null', cardNumber='null'}]

20:59:58.576 [pool-3-thread-2] DEBUG net.thucydides.core.requirements.BaseRequirementsService - Requirement found for test outcome POST - As an Admin I have be able to add new product-[]: Optional[Requirement{name='CreateProduct', type='feature' parent = 'null', cardNumber='null'}]

20:59:58.577 [pool-3-thread-3] DEBUG net.thucydides.core.requirements.BaseRequirementsService - Requirement found for test outcome GET - As an Admin I have be able to get all data category-[]: Optional[Requirement{name='GetAllCategory', type='feature' parent = 'null', cardNumber='null'}]

20:59:58.580 [pool-3-thread-1] DEBUG net.thucydides.core.requirements.BaseRequirementsService - Requirement found for test outcome POST - As an Admin I have be able to add new category for product-[]: Optional[Requirement{name='CreateCategory', type='feature' parent = 'null', cardNumber='null'}]

20:59:58.582 [pool-3-thread-1] DEBUG net.thucydides.core.requirements.BaseRequirementsService - Requirement found for test outcome POST - As an Admin I have be able to add new category for product-[]: Optional[Requirement{name='CreateCategory', type='feature' parent = 'null', cardNumber='null'}]

20:59:58.904 [pool-3-thread-2] DEBUG serenity.reporting - Generating report in 518e3cbef4429241a59683061ca59781c590c27e022ef6a0e5ed03a89b69507c.html

21:00:01.134 [pool-3-thread-2] DEBUG serenity.reporting - Generated report 518e3cbef4429241a59683061ca59781c590c27e022ef6a0e5ed03a89b69507c.html in 2231 ms

21:00:01.134 [pool-3-thread-2] DEBUG net.thucydides.core.reports.ReportService - Processing test outcome CreateProduct:POST - As an Admin I have be able to add new product done

21:00:01.134 [pool-3-thread-2] DEBUG net.thucydides.core.reports.ReportService - Processing test outcome GetDetailsProduct:GET - As an Admin I have be able to get data details product

21:00:01.134 [pool-3-thread-2] INFO net.thucydides.core.reports.ReportService - net.thucydides.core.reports.html.HtmlAcceptanceTestReporter@7f1d3e95: Generating report for test outcome: GetDetailsProduct:GET - As an Admin I have be able to get data details product

21:00:01.152 [pool-3-thread-2] DEBUG net.thucydides.core.requirements.BaseRequirementsService - Requirement found for test outcome GET - As an Admin I have be able to get data details product-[]: Optional[Requirement{name='GetDetailsProduct', type='feature' parent = 'null', cardNumber='null'}]

21:00:01.164 [pool-3-thread-2] DEBUG net.thucydides.core.requirements.BaseRequirementsService - Requirement found for test outcome GET - As an Admin I have be able to get data details product-[]: Optional[Requirement{name='GetDetailsProduct', type='feature' parent = 'null', cardNumber='null'}]

21:00:01.172 [pool-3-thread-2] DEBUG serenity.reporting - Generating report in f762fb7b1626c2a3ecd1efc2b2de3672b7fb3923a7946c51796accd42b6d5354.html

21:00:01.244 [pool-3-thread-2] DEBUG serenity.reporting - Generated report f762fb7b1626c2a3ecd1efc2b2de3672b7fb3923a7946c51796accd42b6d5354.html in 72 ms

21:00:01.245 [pool-3-thread-2] DEBUG net.thucydides.core.reports.ReportService - Processing test outcome GetDetailsProduct:GET - As an Admin I have be able to get data details product done

21:00:01.245 [pool-3-thread-2] DEBUG net.thucydides.core.reports.ReportService - Processing test outcome LoginUser:POST - As an Admin I have be able to login

21:00:01.245 [pool-3-thread-2] INFO net.thucydides.core.reports.ReportService - net.thucydides.core.reports.html.HtmlAcceptanceTestReporter@7f1d3e95: Generating report for test outcome: LoginUser:POST - As an Admin I have be able to login

21:00:01.250 [pool-3-thread-2] DEBUG net.thucydides.core.requirements.BaseRequirementsService - Requirement found for test outcome POST - As an Admin I have be able to login-[]: Optional[Requirement{name='LoginUser', type='feature' parent = 'null', cardNumber='null'}]

21:00:01.252 [pool-3-thread-2] DEBUG net.thucydides.core.requirements.BaseRequirementsService - Requirement found for test outcome POST - As an Admin I have be able to login-[]: Optional[Requirement{name='LoginUser', type='feature' parent = 'null', cardNumber='null'}]

21:00:01.255 [pool-3-thread-2] DEBUG serenity.reporting - Generating report in 69b71c7f69807826793564e07b84d21737c8d9e5de7b0ae645435df97e2d85b0.html

21:00:01.351 [pool-3-thread-2] DEBUG serenity.reporting - Generated report 69b71c7f69807826793564e07b84d21737c8d9e5de7b0ae645435df97e2d85b0.html in 96 ms

21:00:01.351 [pool-3-thread-2] DEBUG net.thucydides.core.reports.ReportService - Processing test outcome LoginUser:POST - As an Admin I have be able to login done

21:00:01.599 [pool-3-thread-1] DEBUG serenity.reporting - Generating report in d036c908a3948f2fabad1e2063a56fed6b1169a12d3d803df4132a51f2c72bad.html

21:00:01.600 [pool-3-thread-4] DEBUG serenity.reporting - Generating report in 139bba03c8c941213ef501aaa1f716a04d9796dd460dde6b79ea7ff49ea20d06.html

21:00:01.600 [pool-3-thread-3] DEBUG serenity.reporting - Generating report in 489c2d54d695d9bc3879564b763da1f70055662010f4e3fcc6768bb1c04d6f5d.html

21:00:01.666 [pool-3-thread-1] DEBUG serenity.reporting - Generated report d036c908a3948f2fabad1e2063a56fed6b1169a12d3d803df4132a51f2c72bad.html in 67 ms

21:00:01.666 [pool-3-thread-1] DEBUG net.thucydides.core.reports.ReportService - Processing test outcome CreateCategory:POST - As an Admin I have be able to add new category for product done

21:00:01.741 [pool-3-thread-3] DEBUG serenity.reporting - Generated report 489c2d54d695d9bc3879564b763da1f70055662010f4e3fcc6768bb1c04d6f5d.html in 141 ms

21:00:01.742 [pool-3-thread-3] DEBUG net.thucydides.core.reports.ReportService - Processing test outcome GetAllCategory:GET - As an Admin I have be able to get all data category done

21:00:01.772 [pool-3-thread-4] DEBUG serenity.reporting - Generated report 139bba03c8c941213ef501aaa1f716a04d9796dd460dde6b79ea7ff49ea20d06.html in 172 ms

21:00:01.776 [pool-3-thread-4] DEBUG net.thucydides.core.reports.ReportService - Processing test outcome GetAllProduct:GET - As an Admin I have be able to get all data product done

21:00:01.777 [pool-2-thread-1] DEBUG net.thucydides.core.reports.ReportService - Shutting down executor service

21:00:01.777 [pool-2-thread-1] DEBUG net.thucydides.core.reports.ReportService - Reports generated in: 3427 ms

21:00:02.181 [pool-2-thread-1] INFO io.cucumber.core.plugin.SerenityReporter - Cleanup test resources for URI classpath:features/CreateCategory.feature

21:00:02.188 [pool-2-thread-1] INFO io.cucumber.core.plugin.SerenityReporter - Cleanup test resources for URI classpath:features/CreateProduct.feature

21:00:02.191 [pool-2-thread-1] INFO io.cucumber.core.plugin.SerenityReporter - Cleanup test resources for URI classpath:features/GetAllCategory.feature

21:00:02.194 [pool-2-thread-1] INFO io.cucumber.core.plugin.SerenityReporter - Cleanup test resources for URI classpath:features/GetAllProduct.feature

21:00:02.196 [pool-2-thread-1] INFO io.cucumber.core.plugin.SerenityReporter - Cleanup test resources for URI classpath:features/GetDetailsProduct.feature

21:00:02.198 [pool-2-thread-1] INFO io.cucumber.core.plugin.SerenityReporter - Cleanup test resources for URI classpath:features/LoginUser.feature


Scenario: POST - As an Admin I have be able to login         &amp#27;[90m# features/LoginUser.feature:6&amp#27;[0m
20:59:57.643 [pool-2-thread-1] INFO io.cucumber.core.plugin.SerenityReporter - Running feature from classpath:features/LoginUser.feature
20:59:57.648 [pool-2-thread-1] INFO  - 
  _____   ___   ___   _____     ___   _____     _     ___   _____   ___   ___  
 |_   _| | __| / __| |_   _|   / __| |_   _|   /_\   | _ \ |_   _| | __| |   \ 
   | |   | _|  \__ \   | |     \__ \   | |    / _ \  |   /   | |   | _|  | |) |
   |_|   |___| |___/   |_|     |___/   |_|   /_/ \_\ |_|_\   |_|   |___| |___/ 

POST - As an Admin I have be able to login(loginuser;post---as-an-admin-i-have-be-able-to-login)
--------------------------------------------------------------------------------
20:59:57.691 [pool-2-thread-1] DEBUG net.thucydides.core.steps.StepInterceptor - STARTING STEP: LoginUserSteps.setMethodPost - I set method POST at api endpoints for login user
20:59:57.692 [pool-2-thread-1] DEBUG net.thucydides.core.steps.StepInterceptor - STEP DONE: I set method POST at api endpoints for login user
  &amp#27;[32mGiven &amp#27;[0m&amp#27;[32mI set method POST at api endpoints for login user&amp#27;[0m    &amp#27;[90m# starter.stepdefinitions.LoginUserSteps.setMethodPost()&amp#27;[0m
20:59:57.698 [pool-2-thread-1] DEBUG net.thucydides.core.steps.StepInterceptor - STARTING STEP: LoginUserSteps.sendMethodPost - I send method POST HTTP request for login user
20:59:57.703 [pool-2-thread-1] DEBUG net.thucydides.core.steps.StepInterceptor - STARTING STEP: Login.sendMethodPost - I set method POST at api endpoints for login user
20:59:57.703 [pool-2-thread-1] DEBUG net.thucydides.core.steps.StepInterceptor - STEP DONE: I set method POST at api endpoints for login user
20:59:57.836 [pool-2-thread-1] DEBUG net.thucydides.core.steps.StepInterceptor - STEP DONE: I send method POST HTTP request for login user
  &amp#27;[32mWhen &amp#27;[0m&amp#27;[32mI send method POST HTTP request for login user&amp#27;[0m        &amp#27;[90m# starter.stepdefinitions.LoginUserSteps.sendMethodPost()&amp#27;[0m
20:59:57.844 [pool-2-thread-1] DEBUG net.thucydides.core.steps.StepInterceptor - STARTING STEP: LoginUserSteps.receiveHTTPResponse - I receive valid HTTP response code 200 for login user
20:59:57.846 [pool-2-thread-1] DEBUG net.thucydides.core.steps.StepInterceptor - STEP DONE: I receive valid HTTP response code 200 for login user
  &amp#27;[32mThen &amp#27;[0m&amp#27;[32mI receive valid HTTP response code 200 for login user&amp#27;[0m &amp#27;[90m# starter.stepdefinitions.LoginUserSteps.receiveHTTPResponse()&amp#27;[0m
20:59:57.852 [pool-2-thread-1] DEBUG net.thucydides.core.steps.StepInterceptor - STARTING STEP: LoginUserSteps.receiveValidMessage - I receive valid message login user succesfully
20:59:57.880 [pool-2-thread-1] DEBUG net.thucydides.core.steps.StepInterceptor - STEP DONE: I receive valid message login user succesfully
  &amp#27;[32mAnd &amp#27;[0m&amp#27;[32mI receive valid message login user succesfully&amp#27;[0m         &amp#27;[90m# starter.stepdefinitions.LoginUserSteps.receiveValidMessage()&amp#27;[0m
20:59:57.885 [pool-2-thread-1] INFO  - 
  _____   ___   ___   _____     ___     _     ___   ___   ___   ___  
 |_   _| | __| / __| |_   _|   | _ \   /_\   / __| / __| | __| |   \ 
   | |   | _|  \__ \   | |     |  _/  / _ \  \__ \ \__ \ | _|  | |) |
   |_|   |___| |___/   |_|     |_|   /_/ \_\ |___/ |___/ |___| |___/ 

POST - As an Admin I have be able to login
----------------------------------------------------------------------
]]></system-out>
  </testcase>
</testsuite>