<?xml version="1.0" encoding="UTF-8"?>
<testsuite xmlns:xsi="http://www.w3.org/2001/XMLSchema-instance" xsi:noNamespaceSchemaLocation="https://maven.apache.org/surefire/maven-failsafe-plugin/xsd/failsafe-test-report-3.0.xsd" version="3.0" name="starter.stepdefinitions.CucumberTestSuite" time="7.367" tests="5" errors="0" skipped="0" failures="0">
  <properties>
[...]
</properties>
  <testcase name="As user i able to be succesfully login" classname="Login" time="0.991">
    <system-out><![CDATA[17:29:11.666 [main] INFO io.cucumber.core.plugin.SerenityReporter - Running feature from file:///C:/Users/REXA/IdeaProjects/FinalProjectKMQualityEngineerWeb/src/test/resources/features/Login.feature
17:29:11.829 [main] INFO  - 

-------------------------------------------------------------------------------------
     _______. _______ .______       _______ .__   __.  __  .___________.____    ____ 
    /       ||   ____||   _  \     |   ____||  \ |  | |  | |           |\   \  /   / 
   |   (----`|  |__   |  |_)  |    |  |__   |   \|  | |  | `---|  |----` \   \/   /  
    \   \    |   __|  |      /     |   __|  |  . `  | |  |     |  |       \_    _/   
.----)   |   |  |____ |  |\  \----.|  |____ |  |\   | |  |     |  |         |  |     
|_______/    |_______|| _| `._____||_______||__| \__| |__|     |__|         |__|    
                                                                                     
 News and tutorials at http://www.serenity-bdd.info                                  
 Documentation at https://wakaleo.gitbooks.io/the-serenity-book/content/             
 Join the Serenity Community on Gitter: https://gitter.im/serenity-bdd/serenity-core 
 Serenity BDD Support and Training at http://serenity-bdd.info/#/trainingandsupport  
-------------------------------------------------------------------------------------

17:29:11.832 [main] DEBUG net.thucydides.core.steps.StepEventBus - Test suite started for story net.thucydides.core.model.Story@23282f08
17:29:11.838 [main] INFO  - Test Suite Started: Login
17:29:11.851 [main] INFO io.cucumber.core.plugin.SerenityReporter - Running feature from file:///C:/Users/REXA/IdeaProjects/FinalProjectKMQualityEngineerWeb/src/test/resources/features/Logout.feature
17:29:11.856 [main] DEBUG net.thucydides.core.steps.StepEventBus - Test suite started for story net.thucydides.core.model.Story@7960de68
17:29:11.857 [main] INFO  - Test Suite Started: Logout
17:29:11.857 [main] INFO io.cucumber.core.plugin.SerenityReporter - Running feature from file:///C:/Users/REXA/IdeaProjects/FinalProjectKMQualityEngineerWeb/src/test/resources/features/OrderCheckEmpty.feature
17:29:11.861 [main] DEBUG net.thucydides.core.steps.StepEventBus - Test suite started for story net.thucydides.core.model.Story@c9c72bd2
17:29:11.861 [main] INFO  - Test Suite Started: Order Check Empty
17:29:11.862 [main] INFO io.cucumber.core.plugin.SerenityReporter - Running feature from file:///C:/Users/REXA/IdeaProjects/FinalProjectKMQualityEngineerWeb/src/test/resources/features/OrderCheckNotEmpty.feature
17:29:11.867 [main] DEBUG net.thucydides.core.steps.StepEventBus - Test suite started for story net.thucydides.core.model.Story@575798ed
17:29:11.867 [main] INFO  - Test Suite Started: Order Check Not Empty
17:29:11.868 [main] INFO io.cucumber.core.plugin.SerenityReporter - Running feature from file:///C:/Users/REXA/IdeaProjects/FinalProjectKMQualityEngineerWeb/src/test/resources/features/Register.feature
17:29:11.872 [main] DEBUG net.thucydides.core.steps.StepEventBus - Test suite started for story net.thucydides.core.model.Story@30e75088
17:29:11.873 [main] INFO  - Test Suite Started: Register
17:29:11.874 [main] INFO io.cucumber.core.plugin.SerenityReporter - Running feature from file:///C:/Users/REXA/IdeaProjects/FinalProjectKMQualityEngineerWeb/src/test/resources/features/Login.feature
17:29:11.877 [main] DEBUG net.thucydides.core.steps.StepEventBus - Test suite started for story net.thucydides.core.model.Story@23282f08
17:29:11.877 [main] INFO  - Test Suite Started: Login

Scenario: As user i able to be succesfully login &amp#27;[90m# src/test/resources/features/Login.feature:6&amp#27;[0m
17:29:11.992 [main] INFO io.cucumber.core.plugin.SerenityReporter - Running feature from file:///C:/Users/REXA/IdeaProjects/FinalProjectKMQualityEngineerWeb/src/test/resources/features/Login.feature
17:29:12.078 [main] INFO  - 
  _____   ___   ___   _____     ___   _____     _     ___   _____   ___   ___  
 |_   _| | __| / __| |_   _|   / __| |_   _|   /_\   | _ \ |_   _| | __| |   \ 
   | |   | _|  \__ \   | |     \__ \   | |    / _ \  |   /   | |   | _|  | |) |
   |_|   |___| |___/   |_|     |___/   |_|   /_/ \_\ |_|_\   |_|   |___| |___/ 

As user i able to be succesfully login(login;as-user-i-able-to-be-succesfully-login)
--------------------------------------------------------------------------------
17:29:12.763 [main] DEBUG net.thucydides.core.steps.StepInterceptor - STARTING STEP: LoginSteps.onTheLoginPage - I am on login page website for login
I am on login page website for login
17:29:12.766 [main] DEBUG net.thucydides.core.steps.StepInterceptor - STEP DONE: I am on login page website for login
17:29:12.771 [main] DEBUG net.thucydides.core.steps.StepInterceptor - STARTING STEP: LoginSteps.onTheLoginPage - openPage
17:29:12.772 [main] DEBUG net.thucydides.core.steps.StepInterceptor - STEP DONE: openPage
17:29:12.775 [main] DEBUG net.thucydides.core.steps.StepInterceptor - STARTING STEP: LoginSteps.onTheLoginPage - validateOnTheLoginPage
17:29:12.798 [main] DEBUG net.thucydides.core.steps.StepInterceptor - STEP DONE: validateOnTheLoginPage
  &amp#27;[32mGiven &amp#27;[0m&amp#27;[32mI am on login page website for login&amp#27;[0m     &amp#27;[90m# starter.stepdefinitions.LoginSteps.onTheLoginPage()&amp#27;[0m
17:29:12.815 [main] DEBUG net.thucydides.core.steps.StepInterceptor - STARTING STEP: LoginSteps.inputValidEmail - I am input valid email for login
I am input valid email for login
17:29:12.817 [main] DEBUG net.thucydides.core.steps.StepInterceptor - STEP DONE: I am input valid email for login
17:29:12.820 [main] DEBUG net.thucydides.core.steps.StepInterceptor - STARTING STEP: LoginSteps.inputValidEmail - inputEmail
17:29:12.826 [main] DEBUG net.thucydides.core.steps.StepInterceptor - STEP DONE: inputEmail
  &amp#27;[32mWhen &amp#27;[0m&amp#27;[32mI am input valid email for login&amp#27;[0m          &amp#27;[90m# starter.stepdefinitions.LoginSteps.inputValidEmail()&amp#27;[0m
17:29:12.831 [main] DEBUG net.thucydides.core.steps.StepInterceptor - STARTING STEP: LoginSteps.inputValidPassword - I am input valid password for login
I am input valid password for login
17:29:12.831 [main] DEBUG net.thucydides.core.steps.StepInterceptor - STEP DONE: I am input valid password for login
17:29:12.833 [main] DEBUG net.thucydides.core.steps.StepInterceptor - STARTING STEP: LoginSteps.inputValidPassword - inputPassword
17:29:12.837 [main] DEBUG net.thucydides.core.steps.StepInterceptor - STEP DONE: inputPassword
  &amp#27;[32mAnd &amp#27;[0m&amp#27;[32mI am input valid password for login&amp#27;[0m        &amp#27;[90m# starter.stepdefinitions.LoginSteps.inputValidPassword()&amp#27;[0m
17:29:12.842 [main] DEBUG net.thucydides.core.steps.StepInterceptor - STARTING STEP: LoginSteps.clickButtonLogin - I click button login for login
I click button login for login
17:29:12.843 [main] DEBUG net.thucydides.core.steps.StepInterceptor - STEP DONE: I click button login for login
17:29:12.845 [main] DEBUG net.thucydides.core.steps.StepInterceptor - STARTING STEP: LoginSteps.clickButtonLogin - clickLoginButton
17:29:12.852 [main] DEBUG net.thucydides.core.steps.StepInterceptor - STEP DONE: clickLoginButton
  &amp#27;[32mAnd &amp#27;[0m&amp#27;[32mI click button login for login&amp#27;[0m             &amp#27;[90m# starter.stepdefinitions.LoginSteps.clickButtonLogin()&amp#27;[0m
17:29:12.857 [main] DEBUG net.thucydides.core.steps.StepInterceptor - STARTING STEP: LoginSteps.onTheHomePageForLogin - I am on the home page for login
I am on the home page for login
17:29:12.858 [main] DEBUG net.thucydides.core.steps.StepInterceptor - STEP DONE: I am on the home page for login
17:29:12.860 [main] DEBUG net.thucydides.core.steps.StepInterceptor - STARTING STEP: LoginSteps.onTheHomePageForLogin - validateOnTheHomePage
17:29:12.862 [main] DEBUG net.thucydides.core.steps.StepInterceptor - STEP DONE: validateOnTheHomePage
  &amp#27;[32mThen &amp#27;[0m&amp#27;[32mI am on the home page for login&amp#27;[0m           &amp#27;[90m# starter.stepdefinitions.LoginSteps.onTheHomePageForLogin()&amp#27;[0m
17:29:12.866 [main] INFO  - 
  _____   ___   ___   _____     ___     _     ___   ___   ___   ___  
 |_   _| | __| / __| |_   _|   | _ \   /_\   / __| / __| | __| |   \ 
   | |   | _|  \__ \   | |     |  _/  / _ \  \__ \ \__ \ | _|  | |) |
   |_|   |___| |___/   |_|     |_|   /_/ \_\ |___/ |___/ |___| |___/ 

As user i able to be succesfully login
----------------------------------------------------------------------
]]></system-out>
  </testcase>
  <testcase name="As user i able to be successfully logout" classname="Logout" time="0.165">
    <system-out><![CDATA[17:29:12.873 [main] INFO io.cucumber.core.plugin.SerenityReporter - Running feature from file:///C:/Users/REXA/IdeaProjects/FinalProjectKMQualityEngineerWeb/src/test/resources/features/Logout.feature
17:29:12.878 [main] DEBUG net.thucydides.core.steps.StepEventBus - Test suite started for story net.thucydides.core.model.Story@7960de68
17:29:12.879 [main] INFO  - Test Suite Started: Logout

Scenario: As user i able to be successfully logout             &amp#27;[90m# src/test/resources/features/Logout.feature:6&amp#27;[0m
17:29:12.893 [main] INFO io.cucumber.core.plugin.SerenityReporter - Running feature from file:///C:/Users/REXA/IdeaProjects/FinalProjectKMQualityEngineerWeb/src/test/resources/features/Logout.feature
17:29:12.896 [main] INFO  - 
  _____   ___   ___   _____     ___   _____     _     ___   _____   ___   ___  
 |_   _| | __| / __| |_   _|   / __| |_   _|   /_\   | _ \ |_   _| | __| |   \ 
   | |   | _|  \__ \   | |     \__ \   | |    / _ \  |   /   | |   | _|  | |) |
   |_|   |___| |___/   |_|     |___/   |_|   /_/ \_\ |_|_\   |_|   |___| |___/ 

As user i able to be successfully logout(logout;as-user-i-able-to-be-successfully-logout)
--------------------------------------------------------------------------------
17:29:12.971 [main] DEBUG net.thucydides.core.steps.StepInterceptor - STARTING STEP: LogoutSteps.onTheLoginPageForLogout - I am on login page website for logout
I am on login page website for logout
17:29:12.971 [main] DEBUG net.thucydides.core.steps.StepInterceptor - STEP DONE: I am on login page website for logout
17:29:12.973 [main] DEBUG net.thucydides.core.steps.StepInterceptor - STARTING STEP: LogoutSteps.onTheLoginPageForLogout - openPage
17:29:12.973 [main] DEBUG net.thucydides.core.steps.StepInterceptor - STEP DONE: openPage
17:29:12.975 [main] DEBUG net.thucydides.core.steps.StepInterceptor - STARTING STEP: LogoutSteps.onTheLoginPageForLogout - validateOnTheLoginPage
17:29:12.976 [main] DEBUG net.thucydides.core.steps.StepInterceptor - STEP DONE: validateOnTheLoginPage
  &amp#27;[32mGiven &amp#27;[0m&amp#27;[32mI am on login page website for logout&amp#27;[0m                  &amp#27;[90m# starter.stepdefinitions.LogoutSteps.onTheLoginPageForLogout()&amp#27;[0m
17:29:12.981 [main] DEBUG net.thucydides.core.steps.StepInterceptor - STARTING STEP: LogoutSteps.inputValidEmail - I am input valid email for logout
I am input valid email for logout
17:29:12.981 [main] DEBUG net.thucydides.core.steps.StepInterceptor - STEP DONE: I am input valid email for logout
17:29:12.982 [main] DEBUG net.thucydides.core.steps.StepInterceptor - STARTING STEP: LogoutSteps.inputValidEmail - inputEmail
17:29:12.984 [main] DEBUG net.thucydides.core.steps.StepInterceptor - STEP DONE: inputEmail
  &amp#27;[32mWhen &amp#27;[0m&amp#27;[32mI am input valid email for logout&amp#27;[0m                       &amp#27;[90m# starter.stepdefinitions.LogoutSteps.inputValidEmail()&amp#27;[0m
17:29:12.989 [main] DEBUG net.thucydides.core.steps.StepInterceptor - STARTING STEP: LogoutSteps.inputValidPassword - I am input valid password for logout
I am input valid password for logout
17:29:12.990 [main] DEBUG net.thucydides.core.steps.StepInterceptor - STEP DONE: I am input valid password for logout
17:29:12.991 [main] DEBUG net.thucydides.core.steps.StepInterceptor - STARTING STEP: LogoutSteps.inputValidPassword - inputPassword
17:29:12.994 [main] DEBUG net.thucydides.core.steps.StepInterceptor - STEP DONE: inputPassword
  &amp#27;[32mAnd &amp#27;[0m&amp#27;[32mI am input valid password for logout&amp#27;[0m                     &amp#27;[90m# starter.stepdefinitions.LogoutSteps.inputValidPassword()&amp#27;[0m
17:29:12.998 [main] DEBUG net.thucydides.core.steps.StepInterceptor - STARTING STEP: LogoutSteps.clickButtonLogin - I click button login for logout
I click button login for logout
17:29:12.998 [main] DEBUG net.thucydides.core.steps.StepInterceptor - STEP DONE: I click button login for logout
17:29:13.000 [main] DEBUG net.thucydides.core.steps.StepInterceptor - STARTING STEP: LogoutSteps.clickButtonLogin - clickLoginButton
17:29:13.004 [main] DEBUG net.thucydides.core.steps.StepInterceptor - STEP DONE: clickLoginButton
  &amp#27;[32mAnd &amp#27;[0m&amp#27;[32mI click button login for logout&amp#27;[0m                          &amp#27;[90m# starter.stepdefinitions.LogoutSteps.clickButtonLogin()&amp#27;[0m
17:29:13.009 [main] DEBUG net.thucydides.core.steps.StepInterceptor - STARTING STEP: LogoutSteps.onTheHomePageForLogout - I am on the home page for logout
I am on the home page for logout
17:29:13.010 [main] DEBUG net.thucydides.core.steps.StepInterceptor - STEP DONE: I am on the home page for logout
17:29:13.011 [main] DEBUG net.thucydides.core.steps.StepInterceptor - STARTING STEP: LogoutSteps.onTheHomePageForLogout - validateOnTheHomePage
17:29:13.013 [main] DEBUG net.thucydides.core.steps.StepInterceptor - STEP DONE: validateOnTheHomePage
  &amp#27;[32mAnd &amp#27;[0m&amp#27;[32mI am on the home page for logout&amp#27;[0m                         &amp#27;[90m# starter.stepdefinitions.LogoutSteps.onTheHomePageForLogout()&amp#27;[0m
17:29:13.017 [main] DEBUG net.thucydides.core.steps.StepInterceptor - STARTING STEP: LogoutSteps.clickIconUserForLogout - I click icon user for logout
I click icon user for logout
17:29:13.018 [main] DEBUG net.thucydides.core.steps.StepInterceptor - STEP DONE: I click icon user for logout
17:29:13.020 [main] DEBUG net.thucydides.core.steps.StepInterceptor - STARTING STEP: LogoutSteps.clickIconUserForLogout - clickIconUser
17:29:13.023 [main] DEBUG net.thucydides.core.steps.StepInterceptor - STEP DONE: clickIconUser
  &amp#27;[32mAnd &amp#27;[0m&amp#27;[32mI click icon user for logout&amp#27;[0m                             &amp#27;[90m# starter.stepdefinitions.LogoutSteps.clickIconUserForLogout()&amp#27;[0m
17:29:13.027 [main] DEBUG net.thucydides.core.steps.StepInterceptor - STARTING STEP: LogoutSteps.clickLogoutButtonForLogout - I click button logout for logout
I click button logout for logout
17:29:13.027 [main] DEBUG net.thucydides.core.steps.StepInterceptor - STEP DONE: I click button logout for logout
17:29:13.029 [main] DEBUG net.thucydides.core.steps.StepInterceptor - STARTING STEP: LogoutSteps.clickLogoutButtonForLogout - clickLogoutButton
17:29:13.032 [main] DEBUG net.thucydides.core.steps.StepInterceptor - STEP DONE: clickLogoutButton
  &amp#27;[32mAnd &amp#27;[0m&amp#27;[32mI click button logout for logout&amp#27;[0m                         &amp#27;[90m# starter.stepdefinitions.LogoutSteps.clickLogoutButtonForLogout()&amp#27;[0m
17:29:13.037 [main] DEBUG net.thucydides.core.steps.StepInterceptor - STARTING STEP: LogoutSteps.onTheHomePageSuccessfullyLogoutForLogout - I am on login page after successfully logout for logout
I am on login page after successfully logout for logout
17:29:13.037 [main] DEBUG net.thucydides.core.steps.StepInterceptor - STEP DONE: I am on login page after successfully logout for logout
17:29:13.039 [main] DEBUG net.thucydides.core.steps.StepInterceptor - STARTING STEP: LogoutSteps.onTheHomePageSuccessfullyLogoutForLogout - validateOnTheLoginPage
17:29:13.041 [main] DEBUG net.thucydides.core.steps.StepInterceptor - STEP DONE: validateOnTheLoginPage
  &amp#27;[32mThen &amp#27;[0m&amp#27;[32mI am on login page after successfully logout for logout&amp#27;[0m &amp#27;[90m# starter.stepdefinitions.LogoutSteps.onTheHomePageSuccessfullyLogoutForLogout()&amp#27;[0m
17:29:13.045 [main] INFO  - 
  _____   ___   ___   _____     ___     _     ___   ___   ___   ___  
 |_   _| | __| / __| |_   _|   | _ \   /_\   / __| / __| | __| |   \ 
   | |   | _|  \__ \   | |     |  _/  / _ \  \__ \ \__ \ | _|  | |) |
   |_|   |___| |___/   |_|     |_|   /_/ \_\ |___/ |___/ |___| |___/ 

As user i able to be successfully logout
----------------------------------------------------------------------
]]></system-out>
  </testcase>
  <testcase name="As user i able to be check my order is empty" classname="Order Check Empty" time="0.139">
    <system-out><![CDATA[17:29:13.046 [main] INFO io.cucumber.core.plugin.SerenityReporter - Running feature from file:///C:/Users/REXA/IdeaProjects/FinalProjectKMQualityEngineerWeb/src/test/resources/features/OrderCheckEmpty.feature
17:29:13.051 [main] DEBUG net.thucydides.core.steps.StepEventBus - Test suite started for story net.thucydides.core.model.Story@c9c72bd2
17:29:13.052 [main] INFO  - Test Suite Started: Order Check Empty

Scenario: As user i able to be check my order is empty  &amp#27;[90m# src/test/resources/features/OrderCheckEmpty.feature:6&amp#27;[0m
17:29:13.067 [main] INFO io.cucumber.core.plugin.SerenityReporter - Running feature from file:///C:/Users/REXA/IdeaProjects/FinalProjectKMQualityEngineerWeb/src/test/resources/features/OrderCheckEmpty.feature
17:29:13.071 [main] INFO  - 
  _____   ___   ___   _____     ___   _____     _     ___   _____   ___   ___  
 |_   _| | __| / __| |_   _|   / __| |_   _|   /_\   | _ \ |_   _| | __| |   \ 
   | |   | _|  \__ \   | |     \__ \   | |    / _ \  |   /   | |   | _|  | |) |
   |_|   |___| |___/   |_|     |___/   |_|   /_/ \_\ |_|_\   |_|   |___| |___/ 

As user i able to be check my order is empty(order-check-empty;as-user-i-able-to-be-check-my-order-is-empty)
--------------------------------------------------------------------------------
17:29:13.163 [main] DEBUG net.thucydides.core.steps.StepInterceptor - STARTING STEP: OrderCheckEmptySteps.onTheHomePage - I am on home page website for order check empty
I am on home page website for order check empty
17:29:13.164 [main] DEBUG net.thucydides.core.steps.StepInterceptor - STEP DONE: I am on home page website for order check empty
17:29:13.165 [main] DEBUG net.thucydides.core.steps.StepInterceptor - STARTING STEP: OrderCheckEmptySteps.onTheHomePage - openPage
17:29:13.165 [main] DEBUG net.thucydides.core.steps.StepInterceptor - STEP DONE: openPage
17:29:13.166 [main] DEBUG net.thucydides.core.steps.StepInterceptor - STARTING STEP: OrderCheckEmptySteps.onTheHomePage - validateOnTheHomePage
17:29:13.168 [main] DEBUG net.thucydides.core.steps.StepInterceptor - STEP DONE: validateOnTheHomePage
  &amp#27;[32mGiven &amp#27;[0m&amp#27;[32mI am on home page website for order check empty&amp#27;[0m &amp#27;[90m# starter.stepdefinitions.OrderCheckEmptySteps.onTheHomePage()&amp#27;[0m
17:29:13.172 [main] DEBUG net.thucydides.core.steps.StepInterceptor - STARTING STEP: OrderCheckEmptySteps.clickIconCart - clickIconCart
17:29:13.175 [main] DEBUG net.thucydides.core.steps.StepInterceptor - STEP DONE: clickIconCart
17:29:13.176 [main] DEBUG net.thucydides.core.steps.StepInterceptor - STARTING STEP: OrderCheckEmptySteps.clickIconCart - I click icon cart for order check empty
I click icon cart for order check empty
17:29:13.177 [main] DEBUG net.thucydides.core.steps.StepInterceptor - STEP DONE: I click icon cart for order check empty
  &amp#27;[32mWhen &amp#27;[0m&amp#27;[32mI click icon cart for order check empty&amp#27;[0m          &amp#27;[90m# starter.stepdefinitions.OrderCheckEmptySteps.clickIconCart()&amp#27;[0m
17:29:13.180 [main] DEBUG net.thucydides.core.steps.StepInterceptor - STARTING STEP: OrderCheckEmptySteps.onTheOrderPage - validateOnTheOrderPage
17:29:13.181 [main] DEBUG net.thucydides.core.steps.StepInterceptor - STEP DONE: validateOnTheOrderPage
17:29:13.183 [main] DEBUG net.thucydides.core.steps.StepInterceptor - STARTING STEP: OrderCheckEmptySteps.onTheOrderPage - I am on the order page for order check empty
I am on the order page for order check empty
17:29:13.183 [main] DEBUG net.thucydides.core.steps.StepInterceptor - STEP DONE: I am on the order page for order check empty
  &amp#27;[32mAnd &amp#27;[0m&amp#27;[32mI am on the order page for order check empty&amp#27;[0m      &amp#27;[90m# starter.stepdefinitions.OrderCheckEmptySteps.onTheOrderPage()&amp#27;[0m
17:29:13.187 [main] DEBUG net.thucydides.core.steps.StepInterceptor - STARTING STEP: OrderCheckEmptySteps.seeOrderIsEmpty - I see my order is empty for order check empty
I am on the order page for order check empty
17:29:13.187 [main] DEBUG net.thucydides.core.steps.StepInterceptor - STEP DONE: I see my order is empty for order check empty
17:29:13.188 [main] DEBUG net.thucydides.core.steps.StepInterceptor - STARTING STEP: OrderCheckEmptySteps.seeOrderIsEmpty - validateOrderIsEmpty
17:29:13.189 [main] DEBUG net.thucydides.core.steps.StepInterceptor - STEP DONE: validateOrderIsEmpty
  &amp#27;[32mThen &amp#27;[0m&amp#27;[32mI see my order is empty for order check empty&amp#27;[0m    &amp#27;[90m# starter.stepdefinitions.OrderCheckEmptySteps.seeOrderIsEmpty()&amp#27;[0m
17:29:13.191 [main] INFO  - 
  _____   ___   ___   _____     ___     _     ___   ___   ___   ___  
 |_   _| | __| / __| |_   _|   | _ \   /_\   / __| / __| | __| |   \ 
   | |   | _|  \__ \   | |     |  _/  / _ \  \__ \ \__ \ | _|  | |) |
   |_|   |___| |___/   |_|     |_|   /_/ \_\ |___/ |___/ |___| |___/ 

As user i able to be check my order is empty
----------------------------------------------------------------------
]]></system-out>
  </testcase>
  <testcase name="As user i able to be check my order is not empty" classname="Order Check Not Empty" time="0.078">
    <system-out><![CDATA[17:29:13.193 [main] INFO io.cucumber.core.plugin.SerenityReporter - Running feature from file:///C:/Users/REXA/IdeaProjects/FinalProjectKMQualityEngineerWeb/src/test/resources/features/OrderCheckNotEmpty.feature
17:29:13.196 [main] DEBUG net.thucydides.core.steps.StepEventBus - Test suite started for story net.thucydides.core.model.Story@575798ed
17:29:13.197 [main] INFO  - Test Suite Started: Order Check Not Empty

Scenario: As user i able to be check my order is not empty           &amp#27;[90m# src/test/resources/features/OrderCheckNotEmpty.feature:6&amp#27;[0m
17:29:13.207 [main] INFO io.cucumber.core.plugin.SerenityReporter - Running feature from file:///C:/Users/REXA/IdeaProjects/FinalProjectKMQualityEngineerWeb/src/test/resources/features/OrderCheckNotEmpty.feature
17:29:13.210 [main] INFO  - 
  _____   ___   ___   _____     ___   _____     _     ___   _____   ___   ___  
 |_   _| | __| / __| |_   _|   / __| |_   _|   /_\   | _ \ |_   _| | __| |   \ 
   | |   | _|  \__ \   | |     \__ \   | |    / _ \  |   /   | |   | _|  | |) |
   |_|   |___| |___/   |_|     |___/   |_|   /_/ \_\ |_|_\   |_|   |___| |___/ 

As user i able to be check my order is not empty(order-check-not-empty;as-user-i-able-to-be-check-my-order-is-not-empty)
--------------------------------------------------------------------------------
17:29:13.231 [main] DEBUG net.thucydides.core.steps.StepInterceptor - STARTING STEP: OrderCheckNotEmptySteps.onTheHomePage - I am on home page website for order check not empty
I am on home page website for order check not empty
17:29:13.231 [main] DEBUG net.thucydides.core.steps.StepInterceptor - STEP DONE: I am on home page website for order check not empty
17:29:13.233 [main] DEBUG net.thucydides.core.steps.StepInterceptor - STARTING STEP: OrderCheckNotEmptySteps.onTheHomePage - openPage
17:29:13.233 [main] DEBUG net.thucydides.core.steps.StepInterceptor - STEP DONE: openPage
17:29:13.235 [main] DEBUG net.thucydides.core.steps.StepInterceptor - STARTING STEP: OrderCheckNotEmptySteps.onTheHomePage - validateOnTheHomePage
17:29:13.237 [main] DEBUG net.thucydides.core.steps.StepInterceptor - STEP DONE: validateOnTheHomePage
  &amp#27;[32mGiven &amp#27;[0m&amp#27;[32mI am on home page website for order check not empty&amp#27;[0m          &amp#27;[90m# starter.stepdefinitions.OrderCheckNotEmptySteps.onTheHomePage()&amp#27;[0m
17:29:13.242 [main] DEBUG net.thucydides.core.steps.StepInterceptor - STARTING STEP: OrderCheckNotEmptySteps.clickButtonBeli - clickButtonBeli
17:29:13.246 [main] DEBUG net.thucydides.core.steps.StepInterceptor - STEP DONE: clickButtonBeli
17:29:13.248 [main] DEBUG net.thucydides.core.steps.StepInterceptor - STARTING STEP: OrderCheckNotEmptySteps.clickButtonBeli - I click button Beli at random stuff for order check not empty
I click button Beli at random stuff for order check not empty
17:29:13.248 [main] DEBUG net.thucydides.core.steps.StepInterceptor - STEP DONE: I click button Beli at random stuff for order check not empty
  &amp#27;[32mWhen &amp#27;[0m&amp#27;[32mI click button Beli at random stuff for order check not empty&amp#27;[0m &amp#27;[90m# starter.stepdefinitions.OrderCheckNotEmptySteps.clickButtonBeli()&amp#27;[0m
17:29:13.253 [main] DEBUG net.thucydides.core.steps.StepInterceptor - STARTING STEP: OrderCheckNotEmptySteps.clickIconCart - clickIconCart
17:29:13.256 [main] DEBUG net.thucydides.core.steps.StepInterceptor - STEP DONE: clickIconCart
17:29:13.257 [main] DEBUG net.thucydides.core.steps.StepInterceptor - STARTING STEP: OrderCheckNotEmptySteps.clickIconCart - I click icon cart for order check not empty
I click icon cart for order check not empty
17:29:13.258 [main] DEBUG net.thucydides.core.steps.StepInterceptor - STEP DONE: I click icon cart for order check not empty
  &amp#27;[32mAnd &amp#27;[0m&amp#27;[32mI click icon cart for order check not empty&amp#27;[0m                    &amp#27;[90m# starter.stepdefinitions.OrderCheckNotEmptySteps.clickIconCart()&amp#27;[0m
17:29:13.261 [main] DEBUG net.thucydides.core.steps.StepInterceptor - STARTING STEP: OrderCheckNotEmptySteps.onTheOrderPage - validateOnTheOrderPage
17:29:13.263 [main] DEBUG net.thucydides.core.steps.StepInterceptor - STEP DONE: validateOnTheOrderPage
17:29:13.264 [main] DEBUG net.thucydides.core.steps.StepInterceptor - STARTING STEP: OrderCheckNotEmptySteps.onTheOrderPage - I am on the order page for order check not empty
I am on the order page for order check not empty
17:29:13.265 [main] DEBUG net.thucydides.core.steps.StepInterceptor - STEP DONE: I am on the order page for order check not empty
  &amp#27;[32mAnd &amp#27;[0m&amp#27;[32mI am on the order page for order check not empty&amp#27;[0m               &amp#27;[90m# starter.stepdefinitions.OrderCheckNotEmptySteps.onTheOrderPage()&amp#27;[0m
17:29:13.269 [main] DEBUG net.thucydides.core.steps.StepInterceptor - STARTING STEP: OrderCheckNotEmptySteps.seeOrderIsNotEmpty - I see my order is not empty for order check not empty
I see my order is not empty for order check not empty
17:29:13.269 [main] DEBUG net.thucydides.core.steps.StepInterceptor - STEP DONE: I see my order is not empty for order check not empty
17:29:13.271 [main] DEBUG net.thucydides.core.steps.StepInterceptor - STARTING STEP: OrderCheckNotEmptySteps.seeOrderIsNotEmpty - validateOrderIsNotEmpty
17:29:13.273 [main] DEBUG net.thucydides.core.steps.StepInterceptor - STEP DONE: validateOrderIsNotEmpty
  &amp#27;[32mThen &amp#27;[0m&amp#27;[32mI see my order is not empty for order check not empty&amp#27;[0m         &amp#27;[90m# starter.stepdefinitions.OrderCheckNotEmptySteps.seeOrderIsNotEmpty()&amp#27;[0m
17:29:13.274 [main] INFO  - 
  _____   ___   ___   _____     ___     _     ___   ___   ___   ___  
 |_   _| | __| / __| |_   _|   | _ \   /_\   / __| / __| | __| |   \ 
   | |   | _|  \__ \   | |     |  _/  / _ \  \__ \ \__ \ | _|  | |) |
   |_|   |___| |___/   |_|     |_|   /_/ \_\ |___/ |___/ |___| |___/ 

As user i able to be check my order is not empty
----------------------------------------------------------------------
]]></system-out>
  </testcase>
  <testcase name="As user i able to be succesfully register" classname="Register" time="0.124">
    <system-out><![CDATA[17:29:13.276 [main] INFO io.cucumber.core.plugin.SerenityReporter - Running feature from file:///C:/Users/REXA/IdeaProjects/FinalProjectKMQualityEngineerWeb/src/test/resources/features/Register.feature
17:29:13.280 [main] DEBUG net.thucydides.core.steps.StepEventBus - Test suite started for story net.thucydides.core.model.Story@30e75088
17:29:13.281 [main] INFO  - Test Suite Started: Register

Scenario: As user i able to be succesfully register &amp#27;[90m# src/test/resources/features/Register.feature:6&amp#27;[0m
17:29:13.298 [main] INFO io.cucumber.core.plugin.SerenityReporter - Running feature from file:///C:/Users/REXA/IdeaProjects/FinalProjectKMQualityEngineerWeb/src/test/resources/features/Register.feature
17:29:13.301 [main] INFO  - 
  _____   ___   ___   _____     ___   _____     _     ___   _____   ___   ___  
 |_   _| | __| / __| |_   _|   / __| |_   _|   /_\   | _ \ |_   _| | __| |   \ 
   | |   | _|  \__ \   | |     \__ \   | |    / _ \  |   /   | |   | _|  | |) |
   |_|   |___| |___/   |_|     |___/   |_|   /_/ \_\ |_|_\   |_|   |___| |___/ 

As user i able to be succesfully register(register;as-user-i-able-to-be-succesfully-register)
--------------------------------------------------------------------------------
17:29:13.364 [main] DEBUG net.thucydides.core.steps.StepInterceptor - STARTING STEP: RegisterSteps.onTheRegisterPage - I am on register page website for register
I am on register page website for register
17:29:13.365 [main] DEBUG net.thucydides.core.steps.StepInterceptor - STEP DONE: I am on register page website for register
17:29:13.366 [main] DEBUG net.thucydides.core.steps.StepInterceptor - STARTING STEP: RegisterSteps.onTheRegisterPage - openPage
17:29:13.366 [main] DEBUG net.thucydides.core.steps.StepInterceptor - STEP DONE: openPage
17:29:13.367 [main] DEBUG net.thucydides.core.steps.StepInterceptor - STARTING STEP: RegisterSteps.onTheRegisterPage - validateOnRegisterPage
17:29:13.368 [main] DEBUG net.thucydides.core.steps.StepInterceptor - STEP DONE: validateOnRegisterPage
  &amp#27;[32mGiven &amp#27;[0m&amp#27;[32mI am on register page website for register&amp#27;[0m  &amp#27;[90m# starter.stepdefinitions.RegisterSteps.onTheRegisterPage()&amp#27;[0m
17:29:13.372 [main] DEBUG net.thucydides.core.steps.StepInterceptor - STARTING STEP: RegisterSteps.inputValidFullname - I am input valid full name for register
I am input valid full name for register
17:29:13.373 [main] DEBUG net.thucydides.core.steps.StepInterceptor - STEP DONE: I am input valid full name for register
17:29:13.374 [main] DEBUG net.thucydides.core.steps.StepInterceptor - STARTING STEP: RegisterSteps.inputValidFullname - inputFullname
17:29:13.376 [main] DEBUG net.thucydides.core.steps.StepInterceptor - STEP DONE: inputFullname
  &amp#27;[32mWhen &amp#27;[0m&amp#27;[32mI am input valid full name for register&amp#27;[0m      &amp#27;[90m# starter.stepdefinitions.RegisterSteps.inputValidFullname()&amp#27;[0m
17:29:13.379 [main] DEBUG net.thucydides.core.steps.StepInterceptor - STARTING STEP: RegisterSteps.inputValidEmail - I am input valid email for register
I am input valid email for register
17:29:13.380 [main] DEBUG net.thucydides.core.steps.StepInterceptor - STEP DONE: I am input valid email for register
17:29:13.381 [main] DEBUG net.thucydides.core.steps.StepInterceptor - STARTING STEP: RegisterSteps.inputValidEmail - inputEmail
17:29:13.383 [main] DEBUG net.thucydides.core.steps.StepInterceptor - STEP DONE: inputEmail
  &amp#27;[32mAnd &amp#27;[0m&amp#27;[32mI am input valid email for register&amp#27;[0m           &amp#27;[90m# starter.stepdefinitions.RegisterSteps.inputValidEmail()&amp#27;[0m
17:29:13.386 [main] DEBUG net.thucydides.core.steps.StepInterceptor - STARTING STEP: RegisterSteps.inputValidPassword - I am input valid password for register
I am input valid password for register
17:29:13.387 [main] DEBUG net.thucydides.core.steps.StepInterceptor - STEP DONE: I am input valid password for register
17:29:13.388 [main] DEBUG net.thucydides.core.steps.StepInterceptor - STARTING STEP: RegisterSteps.inputValidPassword - inputPassword
17:29:13.390 [main] DEBUG net.thucydides.core.steps.StepInterceptor - STEP DONE: inputPassword
  &amp#27;[32mAnd &amp#27;[0m&amp#27;[32mI am input valid password for register&amp#27;[0m        &amp#27;[90m# starter.stepdefinitions.RegisterSteps.inputValidPassword()&amp#27;[0m
17:29:13.393 [main] DEBUG net.thucydides.core.steps.StepInterceptor - STARTING STEP: RegisterSteps.clickButtonRegister - I click button register for register
I click button register for register
17:29:13.393 [main] DEBUG net.thucydides.core.steps.StepInterceptor - STEP DONE: I click button register for register
17:29:13.394 [main] DEBUG net.thucydides.core.steps.StepInterceptor - STARTING STEP: RegisterSteps.clickButtonRegister - clickRegisterButton
17:29:13.397 [main] DEBUG net.thucydides.core.steps.StepInterceptor - STEP DONE: clickRegisterButton
  &amp#27;[32mAnd &amp#27;[0m&amp#27;[32mI click button register for register&amp#27;[0m          &amp#27;[90m# starter.stepdefinitions.RegisterSteps.clickButtonRegister()&amp#27;[0m
17:29:13.401 [main] DEBUG net.thucydides.core.steps.StepInterceptor - STARTING STEP: RegisterSteps.onTheLoginPageForRegister - I am on the login page for register
I am on the login page for register
17:29:13.401 [main] DEBUG net.thucydides.core.steps.StepInterceptor - STEP DONE: I am on the login page for register
17:29:13.402 [main] DEBUG net.thucydides.core.steps.StepInterceptor - STARTING STEP: RegisterSteps.onTheLoginPageForRegister - validateOnTheLoginPage
17:29:13.403 [main] DEBUG net.thucydides.core.steps.StepInterceptor - STEP DONE: validateOnTheLoginPage
  &amp#27;[32mThen &amp#27;[0m&amp#27;[32mI am on the login page for register&amp#27;[0m          &amp#27;[90m# starter.stepdefinitions.RegisterSteps.onTheLoginPageForRegister()&amp#27;[0m
17:29:13.405 [main] INFO  - 
  _____   ___   ___   _____     ___     _     ___   ___   ___   ___  
 |_   _| | __| / __| |_   _|   | _ \   /_\   / __| / __| | __| |   \ 
   | |   | _|  \__ \   | |     |  _/  / _ \  \__ \ \__ \ | _|  | |) |
   |_|   |___| |___/   |_|     |_|   /_/ \_\ |___/ |___/ |___| |___/ 

As user i able to be succesfully register
----------------------------------------------------------------------
]]></system-out>
  </testcase>
</testsuite>