<?xml version="1.0" encoding="UTF-8"?>
<testsuite xmlns:xsi="http://www.w3.org/2001/XMLSchema-instance" xsi:noNamespaceSchemaLocation="https://maven.apache.org/surefire/maven-failsafe-plugin/xsd/failsafe-test-report-3.0.xsd" version="3.0" name="starter.stepdefinitions.CucumberTestSuite" time="25.711" tests="5" errors="0" skipped="0" failures="0">
  <properties>
[...]
</properties>
  <testcase name="As user i able to be succesfully login" classname="Login" time="3.906">
    <system-out><![CDATA[21:38:03.701 [main] INFO io.cucumber.core.plugin.SerenityReporter - Running feature from file:///D:/QE_SalsabillaA.A.N/Web_Final%20Project%20KM%20Quality%20Engineer/src/test/resources/features/Login.feature
21:38:04.276 [main] INFO  - 

-------------------------------------------------------------------------------------
     _______. _______ .______       _______ .__   __.  __  .___________.____    ____ 
    /       ||   ____||   _  \     |   ____||  \ |  | |  | |           |\   \  /   / 
   |   (----`|  |__   |  |_)  |    |  |__   |   \|  | |  | `---|  |----` \   \/   /  
    \   \    |   __|  |      /     |   __|  |  . `  | |  |     |  |       \_    _/   
.----)   |   |  |____ |  |\  \----.|  |____ |  |\   | |  |     |  |         |  |     
|_______/    |_______|| _| `._____||_______||__| \__| |__|     |__|         |__|    
                                                                                     
 News and tutorials at http://www.serenity-bdd.info                                  
 Documentation at https://wakaleo.gitbooks.io/the-serenity-book/content/             
 Join the Serenity Community on Gitter: https://gitter.im/serenity-bdd/serenity-core 
 Serenity BDD Support and Training at http://serenity-bdd.info/#/trainingandsupport  
-------------------------------------------------------------------------------------

21:38:04.283 [main] DEBUG net.thucydides.core.steps.StepEventBus - Test suite started for story net.thucydides.core.model.Story@23282f08
21:38:04.295 [main] INFO  - Test Suite Started: Login
21:38:04.336 [main] INFO io.cucumber.core.plugin.SerenityReporter - Running feature from file:///D:/QE_SalsabillaA.A.N/Web_Final%20Project%20KM%20Quality%20Engineer/src/test/resources/features/Logout.feature
21:38:04.346 [main] DEBUG net.thucydides.core.steps.StepEventBus - Test suite started for story net.thucydides.core.model.Story@7960de68
21:38:04.348 [main] INFO  - Test Suite Started: Logout
21:38:04.348 [main] INFO io.cucumber.core.plugin.SerenityReporter - Running feature from file:///D:/QE_SalsabillaA.A.N/Web_Final%20Project%20KM%20Quality%20Engineer/src/test/resources/features/OrderCheckEmpty.feature
21:38:04.358 [main] DEBUG net.thucydides.core.steps.StepEventBus - Test suite started for story net.thucydides.core.model.Story@c9c72bd2
21:38:04.359 [main] INFO  - Test Suite Started: Order Check Empty
21:38:04.360 [main] INFO io.cucumber.core.plugin.SerenityReporter - Running feature from file:///D:/QE_SalsabillaA.A.N/Web_Final%20Project%20KM%20Quality%20Engineer/src/test/resources/features/OrderCheckNotEmpty.feature
21:38:04.370 [main] DEBUG net.thucydides.core.steps.StepEventBus - Test suite started for story net.thucydides.core.model.Story@575798ed
21:38:04.372 [main] INFO  - Test Suite Started: Order Check Not Empty
21:38:04.372 [main] INFO io.cucumber.core.plugin.SerenityReporter - Running feature from file:///D:/QE_SalsabillaA.A.N/Web_Final%20Project%20KM%20Quality%20Engineer/src/test/resources/features/Register.feature
21:38:04.382 [main] DEBUG net.thucydides.core.steps.StepEventBus - Test suite started for story net.thucydides.core.model.Story@30e75088
21:38:04.384 [main] INFO  - Test Suite Started: Register
21:38:04.386 [main] INFO io.cucumber.core.plugin.SerenityReporter - Running feature from file:///D:/QE_SalsabillaA.A.N/Web_Final%20Project%20KM%20Quality%20Engineer/src/test/resources/features/Login.feature
21:38:04.393 [main] DEBUG net.thucydides.core.steps.StepEventBus - Test suite started for story net.thucydides.core.model.Story@23282f08
21:38:04.395 [main] INFO  - Test Suite Started: Login

Scenario: As user i able to be succesfully login &amp#27;[90m# src/test/resources/features/Login.feature:6&amp#27;[0m
21:38:04.818 [main] INFO io.cucumber.core.plugin.SerenityReporter - Running feature from file:///D:/QE_SalsabillaA.A.N/Web_Final%20Project%20KM%20Quality%20Engineer/src/test/resources/features/Login.feature
21:38:05.435 [main] INFO  - 
  _____   ___   ___   _____     ___   _____     _     ___   _____   ___   ___  
 |_   _| | __| / __| |_   _|   / __| |_   _|   /_\   | _ \ |_   _| | __| |   \ 
   | |   | _|  \__ \   | |     \__ \   | |    / _ \  |   /   | |   | _|  | |) |
   |_|   |___| |___/   |_|     |___/   |_|   /_/ \_\ |_|_\   |_|   |___| |___/ 

As user i able to be succesfully login(login;as-user-i-able-to-be-succesfully-login)
--------------------------------------------------------------------------------
21:38:08.092 [main] DEBUG net.thucydides.core.steps.StepInterceptor - STARTING STEP: LoginSteps.onTheLoginPage - I am on login page website for login
I am on login page website for login
21:38:08.102 [main] DEBUG net.thucydides.core.steps.StepInterceptor - STEP DONE: I am on login page website for login
21:38:08.111 [main] DEBUG net.thucydides.core.steps.StepInterceptor - STARTING STEP: LoginSteps.onTheLoginPage - openPage
21:38:08.112 [main] DEBUG net.thucydides.core.steps.StepInterceptor - STEP DONE: openPage
21:38:08.120 [main] DEBUG net.thucydides.core.steps.StepInterceptor - STARTING STEP: LoginSteps.onTheLoginPage - validateOnTheLoginPage
21:38:08.169 [main] DEBUG net.thucydides.core.steps.StepInterceptor - STEP DONE: validateOnTheLoginPage
  &amp#27;[32mGiven &amp#27;[0m&amp#27;[32mI am on login page website for login&amp#27;[0m     &amp#27;[90m# starter.stepdefinitions.LoginSteps.onTheLoginPage()&amp#27;[0m
21:38:08.190 [main] DEBUG net.thucydides.core.steps.StepInterceptor - STARTING STEP: LoginSteps.inputValidEmail - I am input valid email for login
I am input valid email for login
21:38:08.191 [main] DEBUG net.thucydides.core.steps.StepInterceptor - STEP DONE: I am input valid email for login
21:38:08.196 [main] DEBUG net.thucydides.core.steps.StepInterceptor - STARTING STEP: LoginSteps.inputValidEmail - inputEmail
21:38:08.208 [main] DEBUG net.thucydides.core.steps.StepInterceptor - STEP DONE: inputEmail
  &amp#27;[32mWhen &amp#27;[0m&amp#27;[32mI am input valid email for login&amp#27;[0m          &amp#27;[90m# starter.stepdefinitions.LoginSteps.inputValidEmail()&amp#27;[0m
21:38:08.219 [main] DEBUG net.thucydides.core.steps.StepInterceptor - STARTING STEP: LoginSteps.inputValidPassword - I am input valid password for login
I am input valid password for login
21:38:08.220 [main] DEBUG net.thucydides.core.steps.StepInterceptor - STEP DONE: I am input valid password for login
21:38:08.224 [main] DEBUG net.thucydides.core.steps.StepInterceptor - STARTING STEP: LoginSteps.inputValidPassword - inputPassword
21:38:08.234 [main] DEBUG net.thucydides.core.steps.StepInterceptor - STEP DONE: inputPassword
  &amp#27;[32mAnd &amp#27;[0m&amp#27;[32mI am input valid password for login&amp#27;[0m        &amp#27;[90m# starter.stepdefinitions.LoginSteps.inputValidPassword()&amp#27;[0m
21:38:08.242 [main] DEBUG net.thucydides.core.steps.StepInterceptor - STARTING STEP: LoginSteps.clickButtonLogin - I click button login for login
I click button login for login
21:38:08.243 [main] DEBUG net.thucydides.core.steps.StepInterceptor - STEP DONE: I click button login for login
21:38:08.249 [main] DEBUG net.thucydides.core.steps.StepInterceptor - STARTING STEP: LoginSteps.clickButtonLogin - clickLoginButton
21:38:08.267 [main] DEBUG net.thucydides.core.steps.StepInterceptor - STEP DONE: clickLoginButton
  &amp#27;[32mAnd &amp#27;[0m&amp#27;[32mI click button login for login&amp#27;[0m             &amp#27;[90m# starter.stepdefinitions.LoginSteps.clickButtonLogin()&amp#27;[0m
21:38:08.277 [main] DEBUG net.thucydides.core.steps.StepInterceptor - STARTING STEP: LoginSteps.onTheHomePageForLogin - I am on the home page for login
I am on the home page for login
21:38:08.277 [main] DEBUG net.thucydides.core.steps.StepInterceptor - STEP DONE: I am on the home page for login
21:38:08.282 [main] DEBUG net.thucydides.core.steps.StepInterceptor - STARTING STEP: LoginSteps.onTheHomePageForLogin - validateOnTheHomePage
21:38:08.287 [main] DEBUG net.thucydides.core.steps.StepInterceptor - STEP DONE: validateOnTheHomePage
  &amp#27;[32mThen &amp#27;[0m&amp#27;[32mI am on the home page for login&amp#27;[0m           &amp#27;[90m# starter.stepdefinitions.LoginSteps.onTheHomePageForLogin()&amp#27;[0m
21:38:08.296 [main] INFO  - 
  _____   ___   ___   _____     ___     _     ___   ___   ___   ___  
 |_   _| | __| / __| |_   _|   | _ \   /_\   / __| / __| | __| |   \ 
   | |   | _|  \__ \   | |     |  _/  / _ \  \__ \ \__ \ | _|  | |) |
   |_|   |___| |___/   |_|     |_|   /_/ \_\ |___/ |___/ |___| |___/ 

As user i able to be succesfully login
----------------------------------------------------------------------
]]></system-out>
  </testcase>
  <testcase name="As user i able to be successfully logout" classname="Logout" time="1.295">
    <system-out><![CDATA[21:38:08.312 [main] INFO io.cucumber.core.plugin.SerenityReporter - Running feature from file:///D:/QE_SalsabillaA.A.N/Web_Final%20Project%20KM%20Quality%20Engineer/src/test/resources/features/Logout.feature
21:38:08.328 [main] DEBUG net.thucydides.core.steps.StepEventBus - Test suite started for story net.thucydides.core.model.Story@7960de68
21:38:08.330 [main] INFO  - Test Suite Started: Logout

Scenario: As user i able to be successfully logout             &amp#27;[90m# src/test/resources/features/Logout.feature:6&amp#27;[0m
21:38:08.376 [main] INFO io.cucumber.core.plugin.SerenityReporter - Running feature from file:///D:/QE_SalsabillaA.A.N/Web_Final%20Project%20KM%20Quality%20Engineer/src/test/resources/features/Logout.feature
21:38:08.383 [main] INFO  - 
  _____   ___   ___   _____     ___   _____     _     ___   _____   ___   ___  
 |_   _| | __| / __| |_   _|   / __| |_   _|   /_\   | _ \ |_   _| | __| |   \ 
   | |   | _|  \__ \   | |     \__ \   | |    / _ \  |   /   | |   | _|  | |) |
   |_|   |___| |___/   |_|     |___/   |_|   /_/ \_\ |_|_\   |_|   |___| |___/ 

As user i able to be successfully logout(logout;as-user-i-able-to-be-successfully-logout)
--------------------------------------------------------------------------------
21:38:08.775 [main] DEBUG net.thucydides.core.steps.StepInterceptor - STARTING STEP: LogoutSteps.onTheLoginPageForLogout - I am on login page website for logout
I am on login page website for logout
21:38:08.776 [main] DEBUG net.thucydides.core.steps.StepInterceptor - STEP DONE: I am on login page website for logout
21:38:08.781 [main] DEBUG net.thucydides.core.steps.StepInterceptor - STARTING STEP: LogoutSteps.onTheLoginPageForLogout - openPage
21:38:08.782 [main] DEBUG net.thucydides.core.steps.StepInterceptor - STEP DONE: openPage
21:38:08.788 [main] DEBUG net.thucydides.core.steps.StepInterceptor - STARTING STEP: LogoutSteps.onTheLoginPageForLogout - validateOnTheLoginPage
21:38:08.803 [main] DEBUG net.thucydides.core.steps.StepInterceptor - STEP DONE: validateOnTheLoginPage
  &amp#27;[32mGiven &amp#27;[0m&amp#27;[32mI am on login page website for logout&amp#27;[0m                  &amp#27;[90m# starter.stepdefinitions.LogoutSteps.onTheLoginPageForLogout()&amp#27;[0m
21:38:08.818 [main] DEBUG net.thucydides.core.steps.StepInterceptor - STARTING STEP: LogoutSteps.inputValidEmail - I am input valid email for logout
I am input valid email for logout
21:38:08.818 [main] DEBUG net.thucydides.core.steps.StepInterceptor - STEP DONE: I am input valid email for logout
21:38:08.828 [main] DEBUG net.thucydides.core.steps.StepInterceptor - STARTING STEP: LogoutSteps.inputValidEmail - inputEmail
21:38:08.836 [main] DEBUG net.thucydides.core.steps.StepInterceptor - STEP DONE: inputEmail
  &amp#27;[32mWhen &amp#27;[0m&amp#27;[32mI am input valid email for logout&amp#27;[0m                       &amp#27;[90m# starter.stepdefinitions.LogoutSteps.inputValidEmail()&amp#27;[0m
21:38:08.863 [main] DEBUG net.thucydides.core.steps.StepInterceptor - STARTING STEP: LogoutSteps.inputValidPassword - I am input valid password for logout
I am input valid password for logout
21:38:08.863 [main] DEBUG net.thucydides.core.steps.StepInterceptor - STEP DONE: I am input valid password for logout
21:38:08.916 [main] DEBUG net.thucydides.core.steps.StepInterceptor - STARTING STEP: LogoutSteps.inputValidPassword - inputPassword
21:38:08.941 [main] DEBUG net.thucydides.core.steps.StepInterceptor - STEP DONE: inputPassword
  &amp#27;[32mAnd &amp#27;[0m&amp#27;[32mI am input valid password for logout&amp#27;[0m                     &amp#27;[90m# starter.stepdefinitions.LogoutSteps.inputValidPassword()&amp#27;[0m
21:38:08.952 [main] DEBUG net.thucydides.core.steps.StepInterceptor - STARTING STEP: LogoutSteps.clickButtonLogin - I click button login for logout
I click button login for logout
21:38:08.953 [main] DEBUG net.thucydides.core.steps.StepInterceptor - STEP DONE: I click button login for logout
21:38:08.959 [main] DEBUG net.thucydides.core.steps.StepInterceptor - STARTING STEP: LogoutSteps.clickButtonLogin - clickLoginButton
21:38:08.976 [main] DEBUG net.thucydides.core.steps.StepInterceptor - STEP DONE: clickLoginButton
  &amp#27;[32mAnd &amp#27;[0m&amp#27;[32mI click button login for logout&amp#27;[0m                          &amp#27;[90m# starter.stepdefinitions.LogoutSteps.clickButtonLogin()&amp#27;[0m
21:38:09.003 [main] DEBUG net.thucydides.core.steps.StepInterceptor - STARTING STEP: LogoutSteps.onTheHomePageForLogout - I am on the home page for logout
I am on the home page for logout
21:38:09.003 [main] DEBUG net.thucydides.core.steps.StepInterceptor - STEP DONE: I am on the home page for logout
21:38:09.008 [main] DEBUG net.thucydides.core.steps.StepInterceptor - STARTING STEP: LogoutSteps.onTheHomePageForLogout - validateOnTheHomePage
21:38:09.041 [main] DEBUG net.thucydides.core.steps.StepInterceptor - STEP DONE: validateOnTheHomePage
  &amp#27;[32mAnd &amp#27;[0m&amp#27;[32mI am on the home page for logout&amp#27;[0m                         &amp#27;[90m# starter.stepdefinitions.LogoutSteps.onTheHomePageForLogout()&amp#27;[0m
21:38:09.055 [main] DEBUG net.thucydides.core.steps.StepInterceptor - STARTING STEP: LogoutSteps.clickIconUserForLogout - I click icon user for logout
I click icon user for logout
21:38:09.056 [main] DEBUG net.thucydides.core.steps.StepInterceptor - STEP DONE: I click icon user for logout
21:38:09.061 [main] DEBUG net.thucydides.core.steps.StepInterceptor - STARTING STEP: LogoutSteps.clickIconUserForLogout - clickIconUser
21:38:09.095 [main] DEBUG net.thucydides.core.steps.StepInterceptor - STEP DONE: clickIconUser
  &amp#27;[32mAnd &amp#27;[0m&amp#27;[32mI click icon user for logout&amp#27;[0m                             &amp#27;[90m# starter.stepdefinitions.LogoutSteps.clickIconUserForLogout()&amp#27;[0m
21:38:09.112 [main] DEBUG net.thucydides.core.steps.StepInterceptor - STARTING STEP: LogoutSteps.clickLogoutButtonForLogout - I click button logout for logout
I click button logout for logout
21:38:09.113 [main] DEBUG net.thucydides.core.steps.StepInterceptor - STEP DONE: I click button logout for logout
21:38:09.119 [main] DEBUG net.thucydides.core.steps.StepInterceptor - STARTING STEP: LogoutSteps.clickLogoutButtonForLogout - clickLogoutButton
21:38:09.544 [main] DEBUG net.thucydides.core.steps.StepInterceptor - STEP DONE: clickLogoutButton
  &amp#27;[32mAnd &amp#27;[0m&amp#27;[32mI click button logout for logout&amp#27;[0m                         &amp#27;[90m# starter.stepdefinitions.LogoutSteps.clickLogoutButtonForLogout()&amp#27;[0m
21:38:09.564 [main] DEBUG net.thucydides.core.steps.StepInterceptor - STARTING STEP: LogoutSteps.onTheHomePageSuccessfullyLogoutForLogout - I am on login page after successfully logout for logout
I am on login page after successfully logout for logout
21:38:09.566 [main] DEBUG net.thucydides.core.steps.StepInterceptor - STEP DONE: I am on login page after successfully logout for logout
21:38:09.585 [main] DEBUG net.thucydides.core.steps.StepInterceptor - STARTING STEP: LogoutSteps.onTheHomePageSuccessfullyLogoutForLogout - validateOnTheLoginPage
21:38:09.591 [main] DEBUG net.thucydides.core.steps.StepInterceptor - STEP DONE: validateOnTheLoginPage
  &amp#27;[32mThen &amp#27;[0m&amp#27;[32mI am on login page after successfully logout for logout&amp#27;[0m &amp#27;[90m# starter.stepdefinitions.LogoutSteps.onTheHomePageSuccessfullyLogoutForLogout()&amp#27;[0m
21:38:09.629 [main] INFO  - 
  _____   ___   ___   _____     ___     _     ___   ___   ___   ___  
 |_   _| | __| / __| |_   _|   | _ \   /_\   / __| / __| | __| |   \ 
   | |   | _|  \__ \   | |     |  _/  / _ \  \__ \ \__ \ | _|  | |) |
   |_|   |___| |___/   |_|     |_|   /_/ \_\ |___/ |___/ |___| |___/ 

As user i able to be successfully logout
----------------------------------------------------------------------
]]></system-out>
  </testcase>
  <testcase name="As user i able to be check my order is empty" classname="Order Check Empty" time="0.82">
    <system-out><![CDATA[21:38:09.633 [main] INFO io.cucumber.core.plugin.SerenityReporter - Running feature from file:///D:/QE_SalsabillaA.A.N/Web_Final%20Project%20KM%20Quality%20Engineer/src/test/resources/features/OrderCheckEmpty.feature
21:38:09.637 [main] DEBUG net.thucydides.core.steps.StepEventBus - Test suite started for story net.thucydides.core.model.Story@c9c72bd2
21:38:09.643 [main] INFO  - Test Suite Started: Order Check Empty

Scenario: As user i able to be check my order is empty  &amp#27;[90m# src/test/resources/features/OrderCheckEmpty.feature:6&amp#27;[0m
21:38:09.706 [main] INFO io.cucumber.core.plugin.SerenityReporter - Running feature from file:///D:/QE_SalsabillaA.A.N/Web_Final%20Project%20KM%20Quality%20Engineer/src/test/resources/features/OrderCheckEmpty.feature
21:38:09.713 [main] INFO  - 
  _____   ___   ___   _____     ___   _____     _     ___   _____   ___   ___  
 |_   _| | __| / __| |_   _|   / __| |_   _|   /_\   | _ \ |_   _| | __| |   \ 
   | |   | _|  \__ \   | |     \__ \   | |    / _ \  |   /   | |   | _|  | |) |
   |_|   |___| |___/   |_|     |___/   |_|   /_/ \_\ |_|_\   |_|   |___| |___/ 

As user i able to be check my order is empty(order-check-empty;as-user-i-able-to-be-check-my-order-is-empty)
--------------------------------------------------------------------------------
21:38:10.143 [main] DEBUG net.thucydides.core.steps.StepInterceptor - STARTING STEP: OrderCheckEmptySteps.onTheHomePage - I am on home page website for order check empty
I am on home page website for order check empty
21:38:10.144 [main] DEBUG net.thucydides.core.steps.StepInterceptor - STEP DONE: I am on home page website for order check empty
21:38:10.149 [main] DEBUG net.thucydides.core.steps.StepInterceptor - STARTING STEP: OrderCheckEmptySteps.onTheHomePage - openPage
21:38:10.150 [main] DEBUG net.thucydides.core.steps.StepInterceptor - STEP DONE: openPage
21:38:10.154 [main] DEBUG net.thucydides.core.steps.StepInterceptor - STARTING STEP: OrderCheckEmptySteps.onTheHomePage - validateOnTheHomePage
21:38:10.160 [main] DEBUG net.thucydides.core.steps.StepInterceptor - STEP DONE: validateOnTheHomePage
  &amp#27;[32mGiven &amp#27;[0m&amp#27;[32mI am on home page website for order check empty&amp#27;[0m &amp#27;[90m# starter.stepdefinitions.OrderCheckEmptySteps.onTheHomePage()&amp#27;[0m
21:38:10.170 [main] DEBUG net.thucydides.core.steps.StepInterceptor - STARTING STEP: OrderCheckEmptySteps.clickIconCart - clickIconCart
21:38:10.178 [main] DEBUG net.thucydides.core.steps.StepInterceptor - STEP DONE: clickIconCart
21:38:10.184 [main] DEBUG net.thucydides.core.steps.StepInterceptor - STARTING STEP: OrderCheckEmptySteps.clickIconCart - I click icon cart for order check empty
I click icon cart for order check empty
21:38:10.184 [main] DEBUG net.thucydides.core.steps.StepInterceptor - STEP DONE: I click icon cart for order check empty
  &amp#27;[32mWhen &amp#27;[0m&amp#27;[32mI click icon cart for order check empty&amp#27;[0m          &amp#27;[90m# starter.stepdefinitions.OrderCheckEmptySteps.clickIconCart()&amp#27;[0m
21:38:10.192 [main] DEBUG net.thucydides.core.steps.StepInterceptor - STARTING STEP: OrderCheckEmptySteps.onTheOrderPage - validateOnTheOrderPage
21:38:10.196 [main] DEBUG net.thucydides.core.steps.StepInterceptor - STEP DONE: validateOnTheOrderPage
21:38:10.434 [main] DEBUG net.thucydides.core.steps.StepInterceptor - STARTING STEP: OrderCheckEmptySteps.onTheOrderPage - I am on the order page for order check empty
I am on the order page for order check empty
21:38:10.435 [main] DEBUG net.thucydides.core.steps.StepInterceptor - STEP DONE: I am on the order page for order check empty
  &amp#27;[32mAnd &amp#27;[0m&amp#27;[32mI am on the order page for order check empty&amp#27;[0m      &amp#27;[90m# starter.stepdefinitions.OrderCheckEmptySteps.onTheOrderPage()&amp#27;[0m
21:38:10.451 [main] DEBUG net.thucydides.core.steps.StepInterceptor - STARTING STEP: OrderCheckEmptySteps.seeOrderIsEmpty - I see my order is empty for order check empty
I am on the order page for order check empty
21:38:10.452 [main] DEBUG net.thucydides.core.steps.StepInterceptor - STEP DONE: I see my order is empty for order check empty
21:38:10.456 [main] DEBUG net.thucydides.core.steps.StepInterceptor - STARTING STEP: OrderCheckEmptySteps.seeOrderIsEmpty - validateOrderIsEmpty
21:38:10.459 [main] DEBUG net.thucydides.core.steps.StepInterceptor - STEP DONE: validateOrderIsEmpty
  &amp#27;[32mThen &amp#27;[0m&amp#27;[32mI see my order is empty for order check empty&amp#27;[0m    &amp#27;[90m# starter.stepdefinitions.OrderCheckEmptySteps.seeOrderIsEmpty()&amp#27;[0m
21:38:10.464 [main] INFO  - 
  _____   ___   ___   _____     ___     _     ___   ___   ___   ___  
 |_   _| | __| / __| |_   _|   | _ \   /_\   / __| / __| | __| |   \ 
   | |   | _|  \__ \   | |     |  _/  / _ \  \__ \ \__ \ | _|  | |) |
   |_|   |___| |___/   |_|     |_|   /_/ \_\ |___/ |___/ |___| |___/ 

As user i able to be check my order is empty
----------------------------------------------------------------------
]]></system-out>
  </testcase>
  <testcase name="As user i able to be check my order is not empty" classname="Order Check Not Empty" time="0.278">
    <system-out><![CDATA[21:38:10.467 [main] INFO io.cucumber.core.plugin.SerenityReporter - Running feature from file:///D:/QE_SalsabillaA.A.N/Web_Final%20Project%20KM%20Quality%20Engineer/src/test/resources/features/OrderCheckNotEmpty.feature
21:38:10.475 [main] DEBUG net.thucydides.core.steps.StepEventBus - Test suite started for story net.thucydides.core.model.Story@575798ed
21:38:10.477 [main] INFO  - Test Suite Started: Order Check Not Empty

Scenario: As user i able to be check my order is not empty           &amp#27;[90m# src/test/resources/features/OrderCheckNotEmpty.feature:6&amp#27;[0m
21:38:10.518 [main] INFO io.cucumber.core.plugin.SerenityReporter - Running feature from file:///D:/QE_SalsabillaA.A.N/Web_Final%20Project%20KM%20Quality%20Engineer/src/test/resources/features/OrderCheckNotEmpty.feature
21:38:10.524 [main] INFO  - 
  _____   ___   ___   _____     ___   _____     _     ___   _____   ___   ___  
 |_   _| | __| / __| |_   _|   / __| |_   _|   /_\   | _ \ |_   _| | __| |   \ 
   | |   | _|  \__ \   | |     \__ \   | |    / _ \  |   /   | |   | _|  | |) |
   |_|   |___| |___/   |_|     |___/   |_|   /_/ \_\ |_|_\   |_|   |___| |___/ 

As user i able to be check my order is not empty(order-check-not-empty;as-user-i-able-to-be-check-my-order-is-not-empty)
--------------------------------------------------------------------------------
21:38:10.630 [main] DEBUG net.thucydides.core.steps.StepInterceptor - STARTING STEP: OrderCheckNotEmptySteps.onTheHomePage - I am on home page website for order check not empty
I am on home page website for order check not empty
21:38:10.631 [main] DEBUG net.thucydides.core.steps.StepInterceptor - STEP DONE: I am on home page website for order check not empty
21:38:10.637 [main] DEBUG net.thucydides.core.steps.StepInterceptor - STARTING STEP: OrderCheckNotEmptySteps.onTheHomePage - openPage
21:38:10.637 [main] DEBUG net.thucydides.core.steps.StepInterceptor - STEP DONE: openPage
21:38:10.644 [main] DEBUG net.thucydides.core.steps.StepInterceptor - STARTING STEP: OrderCheckNotEmptySteps.onTheHomePage - validateOnTheHomePage
21:38:10.653 [main] DEBUG net.thucydides.core.steps.StepInterceptor - STEP DONE: validateOnTheHomePage
  &amp#27;[32mGiven &amp#27;[0m&amp#27;[32mI am on home page website for order check not empty&amp#27;[0m          &amp#27;[90m# starter.stepdefinitions.OrderCheckNotEmptySteps.onTheHomePage()&amp#27;[0m
21:38:10.668 [main] DEBUG net.thucydides.core.steps.StepInterceptor - STARTING STEP: OrderCheckNotEmptySteps.clickButtonBeli - clickButtonBeli
21:38:10.676 [main] DEBUG net.thucydides.core.steps.StepInterceptor - STEP DONE: clickButtonBeli
21:38:10.681 [main] DEBUG net.thucydides.core.steps.StepInterceptor - STARTING STEP: OrderCheckNotEmptySteps.clickButtonBeli - I click button Beli at random stuff for order check not empty
I click button Beli at random stuff for order check not empty
21:38:10.682 [main] DEBUG net.thucydides.core.steps.StepInterceptor - STEP DONE: I click button Beli at random stuff for order check not empty
  &amp#27;[32mWhen &amp#27;[0m&amp#27;[32mI click button Beli at random stuff for order check not empty&amp#27;[0m &amp#27;[90m# starter.stepdefinitions.OrderCheckNotEmptySteps.clickButtonBeli()&amp#27;[0m
21:38:10.693 [main] DEBUG net.thucydides.core.steps.StepInterceptor - STARTING STEP: OrderCheckNotEmptySteps.clickIconCart - clickIconCart
21:38:10.701 [main] DEBUG net.thucydides.core.steps.StepInterceptor - STEP DONE: clickIconCart
21:38:10.704 [main] DEBUG net.thucydides.core.steps.StepInterceptor - STARTING STEP: OrderCheckNotEmptySteps.clickIconCart - I click icon cart for order check not empty
I click icon cart for order check not empty
21:38:10.705 [main] DEBUG net.thucydides.core.steps.StepInterceptor - STEP DONE: I click icon cart for order check not empty
  &amp#27;[32mAnd &amp#27;[0m&amp#27;[32mI click icon cart for order check not empty&amp#27;[0m                    &amp#27;[90m# starter.stepdefinitions.OrderCheckNotEmptySteps.clickIconCart()&amp#27;[0m
21:38:10.715 [main] DEBUG net.thucydides.core.steps.StepInterceptor - STARTING STEP: OrderCheckNotEmptySteps.onTheOrderPage - validateOnTheOrderPage
21:38:10.722 [main] DEBUG net.thucydides.core.steps.StepInterceptor - STEP DONE: validateOnTheOrderPage
21:38:10.727 [main] DEBUG net.thucydides.core.steps.StepInterceptor - STARTING STEP: OrderCheckNotEmptySteps.onTheOrderPage - I am on the order page for order check not empty
I am on the order page for order check not empty
21:38:10.727 [main] DEBUG net.thucydides.core.steps.StepInterceptor - STEP DONE: I am on the order page for order check not empty
  &amp#27;[32mAnd &amp#27;[0m&amp#27;[32mI am on the order page for order check not empty&amp#27;[0m               &amp#27;[90m# starter.stepdefinitions.OrderCheckNotEmptySteps.onTheOrderPage()&amp#27;[0m
21:38:10.741 [main] DEBUG net.thucydides.core.steps.StepInterceptor - STARTING STEP: OrderCheckNotEmptySteps.seeOrderIsNotEmpty - I see my order is not empty for order check not empty
I see my order is not empty for order check not empty
21:38:10.741 [main] DEBUG net.thucydides.core.steps.StepInterceptor - STEP DONE: I see my order is not empty for order check not empty
21:38:10.750 [main] DEBUG net.thucydides.core.steps.StepInterceptor - STARTING STEP: OrderCheckNotEmptySteps.seeOrderIsNotEmpty - validateOrderIsNotEmpty
21:38:10.753 [main] DEBUG net.thucydides.core.steps.StepInterceptor - STEP DONE: validateOrderIsNotEmpty
  &amp#27;[32mThen &amp#27;[0m&amp#27;[32mI see my order is not empty for order check not empty&amp#27;[0m         &amp#27;[90m# starter.stepdefinitions.OrderCheckNotEmptySteps.seeOrderIsNotEmpty()&amp#27;[0m
21:38:10.757 [main] INFO  - 
  _____   ___   ___   _____     ___     _     ___   ___   ___   ___  
 |_   _| | __| / __| |_   _|   | _ \   /_\   / __| / __| | __| |   \ 
   | |   | _|  \__ \   | |     |  _/  / _ \  \__ \ \__ \ | _|  | |) |
   |_|   |___| |___/   |_|     |_|   /_/ \_\ |___/ |___/ |___| |___/ 

As user i able to be check my order is not empty
----------------------------------------------------------------------
]]></system-out>
  </testcase>
  <testcase name="As user i able to be succesfully register" classname="Register" time="0.746">
    <system-out><![CDATA[21:38:10.760 [main] INFO io.cucumber.core.plugin.SerenityReporter - Running feature from file:///D:/QE_SalsabillaA.A.N/Web_Final%20Project%20KM%20Quality%20Engineer/src/test/resources/features/Register.feature
21:38:10.769 [main] DEBUG net.thucydides.core.steps.StepEventBus - Test suite started for story net.thucydides.core.model.Story@30e75088
21:38:10.771 [main] INFO  - Test Suite Started: Register

Scenario: As user i able to be succesfully register &amp#27;[90m# src/test/resources/features/Register.feature:6&amp#27;[0m
21:38:10.934 [main] INFO io.cucumber.core.plugin.SerenityReporter - Running feature from file:///D:/QE_SalsabillaA.A.N/Web_Final%20Project%20KM%20Quality%20Engineer/src/test/resources/features/Register.feature
21:38:10.948 [main] INFO  - 
  _____   ___   ___   _____     ___   _____     _     ___   _____   ___   ___  
 |_   _| | __| / __| |_   _|   / __| |_   _|   /_\   | _ \ |_   _| | __| |   \ 
   | |   | _|  \__ \   | |     \__ \   | |    / _ \  |   /   | |   | _|  | |) |
   |_|   |___| |___/   |_|     |___/   |_|   /_/ \_\ |_|_\   |_|   |___| |___/ 

As user i able to be succesfully register(register;as-user-i-able-to-be-succesfully-register)
--------------------------------------------------------------------------------
21:38:11.388 [main] DEBUG net.thucydides.core.steps.StepInterceptor - STARTING STEP: RegisterSteps.onTheRegisterPage - I am on register page website for register
I am on register page website for register
21:38:11.388 [main] DEBUG net.thucydides.core.steps.StepInterceptor - STEP DONE: I am on register page website for register
21:38:11.392 [main] DEBUG net.thucydides.core.steps.StepInterceptor - STARTING STEP: RegisterSteps.onTheRegisterPage - openPage
21:38:11.392 [main] DEBUG net.thucydides.core.steps.StepInterceptor - STEP DONE: openPage
21:38:11.396 [main] DEBUG net.thucydides.core.steps.StepInterceptor - STARTING STEP: RegisterSteps.onTheRegisterPage - validateOnRegisterPage
21:38:11.401 [main] DEBUG net.thucydides.core.steps.StepInterceptor - STEP DONE: validateOnRegisterPage
  &amp#27;[32mGiven &amp#27;[0m&amp#27;[32mI am on register page website for register&amp#27;[0m  &amp#27;[90m# starter.stepdefinitions.RegisterSteps.onTheRegisterPage()&amp#27;[0m
21:38:11.410 [main] DEBUG net.thucydides.core.steps.StepInterceptor - STARTING STEP: RegisterSteps.inputValidFullname - I am input valid full name for register
I am input valid full name for register
21:38:11.411 [main] DEBUG net.thucydides.core.steps.StepInterceptor - STEP DONE: I am input valid full name for register
21:38:11.416 [main] DEBUG net.thucydides.core.steps.StepInterceptor - STARTING STEP: RegisterSteps.inputValidFullname - inputFullname
21:38:11.422 [main] DEBUG net.thucydides.core.steps.StepInterceptor - STEP DONE: inputFullname
  &amp#27;[32mWhen &amp#27;[0m&amp#27;[32mI am input valid full name for register&amp#27;[0m      &amp#27;[90m# starter.stepdefinitions.RegisterSteps.inputValidFullname()&amp#27;[0m
21:38:11.431 [main] DEBUG net.thucydides.core.steps.StepInterceptor - STARTING STEP: RegisterSteps.inputValidEmail - I am input valid email for register
I am input valid email for register
21:38:11.431 [main] DEBUG net.thucydides.core.steps.StepInterceptor - STEP DONE: I am input valid email for register
21:38:11.435 [main] DEBUG net.thucydides.core.steps.StepInterceptor - STARTING STEP: RegisterSteps.inputValidEmail - inputEmail
21:38:11.440 [main] DEBUG net.thucydides.core.steps.StepInterceptor - STEP DONE: inputEmail
  &amp#27;[32mAnd &amp#27;[0m&amp#27;[32mI am input valid email for register&amp#27;[0m           &amp#27;[90m# starter.stepdefinitions.RegisterSteps.inputValidEmail()&amp#27;[0m
21:38:11.452 [main] DEBUG net.thucydides.core.steps.StepInterceptor - STARTING STEP: RegisterSteps.inputValidPassword - I am input valid password for register
I am input valid password for register
21:38:11.452 [main] DEBUG net.thucydides.core.steps.StepInterceptor - STEP DONE: I am input valid password for register
21:38:11.456 [main] DEBUG net.thucydides.core.steps.StepInterceptor - STARTING STEP: RegisterSteps.inputValidPassword - inputPassword
21:38:11.464 [main] DEBUG net.thucydides.core.steps.StepInterceptor - STEP DONE: inputPassword
  &amp#27;[32mAnd &amp#27;[0m&amp#27;[32mI am input valid password for register&amp#27;[0m        &amp#27;[90m# starter.stepdefinitions.RegisterSteps.inputValidPassword()&amp#27;[0m
21:38:11.472 [main] DEBUG net.thucydides.core.steps.StepInterceptor - STARTING STEP: RegisterSteps.clickButtonRegister - I click button register for register
I click button register for register
21:38:11.473 [main] DEBUG net.thucydides.core.steps.StepInterceptor - STEP DONE: I click button register for register
21:38:11.479 [main] DEBUG net.thucydides.core.steps.StepInterceptor - STARTING STEP: RegisterSteps.clickButtonRegister - clickRegisterButton
21:38:11.489 [main] DEBUG net.thucydides.core.steps.StepInterceptor - STEP DONE: clickRegisterButton
  &amp#27;[32mAnd &amp#27;[0m&amp#27;[32mI click button register for register&amp#27;[0m          &amp#27;[90m# starter.stepdefinitions.RegisterSteps.clickButtonRegister()&amp#27;[0m
21:38:11.503 [main] DEBUG net.thucydides.core.steps.StepInterceptor - STARTING STEP: RegisterSteps.onTheLoginPageForRegister - I am on the login page for register
I am on the login page for register
21:38:11.503 [main] DEBUG net.thucydides.core.steps.StepInterceptor - STEP DONE: I am on the login page for register
21:38:11.507 [main] DEBUG net.thucydides.core.steps.StepInterceptor - STARTING STEP: RegisterSteps.onTheLoginPageForRegister - validateOnTheLoginPage
21:38:11.512 [main] DEBUG net.thucydides.core.steps.StepInterceptor - STEP DONE: validateOnTheLoginPage
  &amp#27;[32mThen &amp#27;[0m&amp#27;[32mI am on the login page for register&amp#27;[0m          &amp#27;[90m# starter.stepdefinitions.RegisterSteps.onTheLoginPageForRegister()&amp#27;[0m
21:38:11.517 [main] INFO  - 
  _____   ___   ___   _____     ___     _     ___   ___   ___   ___  
 |_   _| | __| / __| |_   _|   | _ \   /_\   / __| / __| | __| |   \ 
   | |   | _|  \__ \   | |     |  _/  / _ \  \__ \ \__ \ | _|  | |) |
   |_|   |___| |___/   |_|     |_|   /_/ \_\ |___/ |___/ |___| |___/ 

As user i able to be succesfully register
----------------------------------------------------------------------
]]></system-out>
  </testcase>
</testsuite>